2019-02-24 02:50:48,486 INFO org.apache.hadoop.yarn.server.resourcemanager.ResourceManager: STARTUP_MSG: 
/************************************************************
STARTUP_MSG: Starting ResourceManager
STARTUP_MSG:   host = master/192.168.33.132
STARTUP_MSG:   args = []
STARTUP_MSG:   version = 2.7.3
STARTUP_MSG:   classpath = /opt/hadoop//etc/hadoop:/opt/hadoop//etc/hadoop:/opt/hadoop//etc/hadoop:/opt/hadoop/share/hadoop/common/lib/jaxb-impl-2.2.3-1.jar:/opt/hadoop/share/hadoop/common/lib/jaxb-api-2.2.2.jar:/opt/hadoop/share/hadoop/common/lib/stax-api-1.0-2.jar:/opt/hadoop/share/hadoop/common/lib/activation-1.1.jar:/opt/hadoop/share/hadoop/common/lib/jackson-core-asl-1.9.13.jar:/opt/hadoop/share/hadoop/common/lib/jackson-mapper-asl-1.9.13.jar:/opt/hadoop/share/hadoop/common/lib/jackson-jaxrs-1.9.13.jar:/opt/hadoop/share/hadoop/common/lib/jackson-xc-1.9.13.jar:/opt/hadoop/share/hadoop/common/lib/jersey-server-1.9.jar:/opt/hadoop/share/hadoop/common/lib/asm-3.2.jar:/opt/hadoop/share/hadoop/common/lib/log4j-1.2.17.jar:/opt/hadoop/share/hadoop/common/lib/jets3t-0.9.0.jar:/opt/hadoop/share/hadoop/common/lib/httpclient-4.2.5.jar:/opt/hadoop/share/hadoop/common/lib/httpcore-4.2.5.jar:/opt/hadoop/share/hadoop/common/lib/java-xmlbuilder-0.4.jar:/opt/hadoop/share/hadoop/common/lib/commons-lang-2.6.jar:/opt/hadoop/share/hadoop/common/lib/commons-configuration-1.6.jar:/opt/hadoop/share/hadoop/common/lib/commons-digester-1.8.jar:/opt/hadoop/share/hadoop/common/lib/commons-beanutils-1.7.0.jar:/opt/hadoop/share/hadoop/common/lib/commons-beanutils-core-1.8.0.jar:/opt/hadoop/share/hadoop/common/lib/slf4j-api-1.7.10.jar:/opt/hadoop/share/hadoop/common/lib/slf4j-log4j12-1.7.10.jar:/opt/hadoop/share/hadoop/common/lib/avro-1.7.4.jar:/opt/hadoop/share/hadoop/common/lib/paranamer-2.3.jar:/opt/hadoop/share/hadoop/common/lib/snappy-java-1.0.4.1.jar:/opt/hadoop/share/hadoop/common/lib/commons-compress-1.4.1.jar:/opt/hadoop/share/hadoop/common/lib/xz-1.0.jar:/opt/hadoop/share/hadoop/common/lib/protobuf-java-2.5.0.jar:/opt/hadoop/share/hadoop/common/lib/gson-2.2.4.jar:/opt/hadoop/share/hadoop/common/lib/hadoop-auth-2.7.3.jar:/opt/hadoop/share/hadoop/common/lib/apacheds-kerberos-codec-2.0.0-M15.jar:/opt/hadoop/share/hadoop/common/lib/apacheds-i18n-2.0.0-M15.jar:/opt/hadoop/share/hadoop/common/lib/api-asn1-api-1.0.0-M20.jar:/opt/hadoop/share/hadoop/common/lib/api-util-1.0.0-M20.jar:/opt/hadoop/share/hadoop/common/lib/zookeeper-3.4.6.jar:/opt/hadoop/share/hadoop/common/lib/netty-3.6.2.Final.jar:/opt/hadoop/share/hadoop/common/lib/curator-framework-2.7.1.jar:/opt/hadoop/share/hadoop/common/lib/curator-client-2.7.1.jar:/opt/hadoop/share/hadoop/common/lib/jsch-0.1.42.jar:/opt/hadoop/share/hadoop/common/lib/curator-recipes-2.7.1.jar:/opt/hadoop/share/hadoop/common/lib/htrace-core-3.1.0-incubating.jar:/opt/hadoop/share/hadoop/common/lib/junit-4.11.jar:/opt/hadoop/share/hadoop/common/lib/hamcrest-core-1.3.jar:/opt/hadoop/share/hadoop/common/lib/mockito-all-1.8.5.jar:/opt/hadoop/share/hadoop/common/lib/hadoop-annotations-2.7.3.jar:/opt/hadoop/share/hadoop/common/lib/guava-11.0.2.jar:/opt/hadoop/share/hadoop/common/lib/jsr305-3.0.0.jar:/opt/hadoop/share/hadoop/common/lib/commons-cli-1.2.jar:/opt/hadoop/share/hadoop/common/lib/commons-math3-3.1.1.jar:/opt/hadoop/share/hadoop/common/lib/xmlenc-0.52.jar:/opt/hadoop/share/hadoop/common/lib/commons-httpclient-3.1.jar:/opt/hadoop/share/hadoop/common/lib/commons-logging-1.1.3.jar:/opt/hadoop/share/hadoop/common/lib/commons-codec-1.4.jar:/opt/hadoop/share/hadoop/common/lib/commons-io-2.4.jar:/opt/hadoop/share/hadoop/common/lib/commons-net-3.1.jar:/opt/hadoop/share/hadoop/common/lib/commons-collections-3.2.2.jar:/opt/hadoop/share/hadoop/common/lib/servlet-api-2.5.jar:/opt/hadoop/share/hadoop/common/lib/jetty-6.1.26.jar:/opt/hadoop/share/hadoop/common/lib/jetty-util-6.1.26.jar:/opt/hadoop/share/hadoop/common/lib/jsp-api-2.1.jar:/opt/hadoop/share/hadoop/common/lib/jersey-core-1.9.jar:/opt/hadoop/share/hadoop/common/lib/jersey-json-1.9.jar:/opt/hadoop/share/hadoop/common/lib/jettison-1.1.jar:/opt/hadoop/share/hadoop/common/hadoop-common-2.7.3.jar:/opt/hadoop/share/hadoop/common/hadoop-common-2.7.3-tests.jar:/opt/hadoop/share/hadoop/common/hadoop-nfs-2.7.3.jar:/opt/hadoop/share/hadoop/hdfs:/opt/hadoop/share/hadoop/hdfs/lib/commons-codec-1.4.jar:/opt/hadoop/share/hadoop/hdfs/lib/log4j-1.2.17.jar:/opt/hadoop/share/hadoop/hdfs/lib/commons-logging-1.1.3.jar:/opt/hadoop/share/hadoop/hdfs/lib/netty-3.6.2.Final.jar:/opt/hadoop/share/hadoop/hdfs/lib/guava-11.0.2.jar:/opt/hadoop/share/hadoop/hdfs/lib/jsr305-3.0.0.jar:/opt/hadoop/share/hadoop/hdfs/lib/commons-cli-1.2.jar:/opt/hadoop/share/hadoop/hdfs/lib/xmlenc-0.52.jar:/opt/hadoop/share/hadoop/hdfs/lib/commons-io-2.4.jar:/opt/hadoop/share/hadoop/hdfs/lib/servlet-api-2.5.jar:/opt/hadoop/share/hadoop/hdfs/lib/jetty-6.1.26.jar:/opt/hadoop/share/hadoop/hdfs/lib/jetty-util-6.1.26.jar:/opt/hadoop/share/hadoop/hdfs/lib/jersey-core-1.9.jar:/opt/hadoop/share/hadoop/hdfs/lib/jackson-core-asl-1.9.13.jar:/opt/hadoop/share/hadoop/hdfs/lib/jackson-mapper-asl-1.9.13.jar:/opt/hadoop/share/hadoop/hdfs/lib/jersey-server-1.9.jar:/opt/hadoop/share/hadoop/hdfs/lib/asm-3.2.jar:/opt/hadoop/share/hadoop/hdfs/lib/commons-lang-2.6.jar:/opt/hadoop/share/hadoop/hdfs/lib/protobuf-java-2.5.0.jar:/opt/hadoop/share/hadoop/hdfs/lib/htrace-core-3.1.0-incubating.jar:/opt/hadoop/share/hadoop/hdfs/lib/commons-daemon-1.0.13.jar:/opt/hadoop/share/hadoop/hdfs/lib/netty-all-4.0.23.Final.jar:/opt/hadoop/share/hadoop/hdfs/lib/xercesImpl-2.9.1.jar:/opt/hadoop/share/hadoop/hdfs/lib/xml-apis-1.3.04.jar:/opt/hadoop/share/hadoop/hdfs/lib/leveldbjni-all-1.8.jar:/opt/hadoop/share/hadoop/hdfs/hadoop-hdfs-2.7.3.jar:/opt/hadoop/share/hadoop/hdfs/hadoop-hdfs-2.7.3-tests.jar:/opt/hadoop/share/hadoop/hdfs/hadoop-hdfs-nfs-2.7.3.jar:/opt/hadoop-2.7.3/share/hadoop/yarn/lib/zookeeper-3.4.6-tests.jar:/opt/hadoop-2.7.3/share/hadoop/yarn/lib/commons-lang-2.6.jar:/opt/hadoop-2.7.3/share/hadoop/yarn/lib/guava-11.0.2.jar:/opt/hadoop-2.7.3/share/hadoop/yarn/lib/jsr305-3.0.0.jar:/opt/hadoop-2.7.3/share/hadoop/yarn/lib/commons-logging-1.1.3.jar:/opt/hadoop-2.7.3/share/hadoop/yarn/lib/protobuf-java-2.5.0.jar:/opt/hadoop-2.7.3/share/hadoop/yarn/lib/commons-cli-1.2.jar:/opt/hadoop-2.7.3/share/hadoop/yarn/lib/log4j-1.2.17.jar:/opt/hadoop-2.7.3/share/hadoop/yarn/lib/jaxb-api-2.2.2.jar:/opt/hadoop-2.7.3/share/hadoop/yarn/lib/stax-api-1.0-2.jar:/opt/hadoop-2.7.3/share/hadoop/yarn/lib/activation-1.1.jar:/opt/hadoop-2.7.3/share/hadoop/yarn/lib/commons-compress-1.4.1.jar:/opt/hadoop-2.7.3/share/hadoop/yarn/lib/xz-1.0.jar:/opt/hadoop-2.7.3/share/hadoop/yarn/lib/servlet-api-2.5.jar:/opt/hadoop-2.7.3/share/hadoop/yarn/lib/commons-codec-1.4.jar:/opt/hadoop-2.7.3/share/hadoop/yarn/lib/jetty-util-6.1.26.jar:/opt/hadoop-2.7.3/share/hadoop/yarn/lib/jersey-core-1.9.jar:/opt/hadoop-2.7.3/share/hadoop/yarn/lib/jersey-client-1.9.jar:/opt/hadoop-2.7.3/share/hadoop/yarn/lib/jackson-core-asl-1.9.13.jar:/opt/hadoop-2.7.3/share/hadoop/yarn/lib/jackson-mapper-asl-1.9.13.jar:/opt/hadoop-2.7.3/share/hadoop/yarn/lib/jackson-jaxrs-1.9.13.jar:/opt/hadoop-2.7.3/share/hadoop/yarn/lib/jackson-xc-1.9.13.jar:/opt/hadoop-2.7.3/share/hadoop/yarn/lib/guice-servlet-3.0.jar:/opt/hadoop-2.7.3/share/hadoop/yarn/lib/guice-3.0.jar:/opt/hadoop-2.7.3/share/hadoop/yarn/lib/javax.inject-1.jar:/opt/hadoop-2.7.3/share/hadoop/yarn/lib/aopalliance-1.0.jar:/opt/hadoop-2.7.3/share/hadoop/yarn/lib/commons-io-2.4.jar:/opt/hadoop-2.7.3/share/hadoop/yarn/lib/jersey-server-1.9.jar:/opt/hadoop-2.7.3/share/hadoop/yarn/lib/asm-3.2.jar:/opt/hadoop-2.7.3/share/hadoop/yarn/lib/jersey-json-1.9.jar:/opt/hadoop-2.7.3/share/hadoop/yarn/lib/jettison-1.1.jar:/opt/hadoop-2.7.3/share/hadoop/yarn/lib/jaxb-impl-2.2.3-1.jar:/opt/hadoop-2.7.3/share/hadoop/yarn/lib/jersey-guice-1.9.jar:/opt/hadoop-2.7.3/share/hadoop/yarn/lib/zookeeper-3.4.6.jar:/opt/hadoop-2.7.3/share/hadoop/yarn/lib/netty-3.6.2.Final.jar:/opt/hadoop-2.7.3/share/hadoop/yarn/lib/leveldbjni-all-1.8.jar:/opt/hadoop-2.7.3/share/hadoop/yarn/lib/commons-collections-3.2.2.jar:/opt/hadoop-2.7.3/share/hadoop/yarn/lib/jetty-6.1.26.jar:/opt/hadoop-2.7.3/share/hadoop/yarn/hadoop-yarn-api-2.7.3.jar:/opt/hadoop-2.7.3/share/hadoop/yarn/hadoop-yarn-common-2.7.3.jar:/opt/hadoop-2.7.3/share/hadoop/yarn/hadoop-yarn-server-common-2.7.3.jar:/opt/hadoop-2.7.3/share/hadoop/yarn/hadoop-yarn-server-nodemanager-2.7.3.jar:/opt/hadoop-2.7.3/share/hadoop/yarn/hadoop-yarn-server-web-proxy-2.7.3.jar:/opt/hadoop-2.7.3/share/hadoop/yarn/hadoop-yarn-server-applicationhistoryservice-2.7.3.jar:/opt/hadoop-2.7.3/share/hadoop/yarn/hadoop-yarn-server-resourcemanager-2.7.3.jar:/opt/hadoop-2.7.3/share/hadoop/yarn/hadoop-yarn-server-tests-2.7.3.jar:/opt/hadoop-2.7.3/share/hadoop/yarn/hadoop-yarn-client-2.7.3.jar:/opt/hadoop-2.7.3/share/hadoop/yarn/hadoop-yarn-server-sharedcachemanager-2.7.3.jar:/opt/hadoop-2.7.3/share/hadoop/yarn/hadoop-yarn-applications-distributedshell-2.7.3.jar:/opt/hadoop-2.7.3/share/hadoop/yarn/hadoop-yarn-applications-unmanaged-am-launcher-2.7.3.jar:/opt/hadoop-2.7.3/share/hadoop/yarn/hadoop-yarn-registry-2.7.3.jar:/opt/hadoop/share/hadoop/mapreduce/lib/protobuf-java-2.5.0.jar:/opt/hadoop/share/hadoop/mapreduce/lib/avro-1.7.4.jar:/opt/hadoop/share/hadoop/mapreduce/lib/jackson-core-asl-1.9.13.jar:/opt/hadoop/share/hadoop/mapreduce/lib/jackson-mapper-asl-1.9.13.jar:/opt/hadoop/share/hadoop/mapreduce/lib/paranamer-2.3.jar:/opt/hadoop/share/hadoop/mapreduce/lib/snappy-java-1.0.4.1.jar:/opt/hadoop/share/hadoop/mapreduce/lib/commons-compress-1.4.1.jar:/opt/hadoop/share/hadoop/mapreduce/lib/xz-1.0.jar:/opt/hadoop/share/hadoop/mapreduce/lib/hadoop-annotations-2.7.3.jar:/opt/hadoop/share/hadoop/mapreduce/lib/commons-io-2.4.jar:/opt/hadoop/share/hadoop/mapreduce/lib/jersey-core-1.9.jar:/opt/hadoop/share/hadoop/mapreduce/lib/jersey-server-1.9.jar:/opt/hadoop/share/hadoop/mapreduce/lib/asm-3.2.jar:/opt/hadoop/share/hadoop/mapreduce/lib/log4j-1.2.17.jar:/opt/hadoop/share/hadoop/mapreduce/lib/netty-3.6.2.Final.jar:/opt/hadoop/share/hadoop/mapreduce/lib/leveldbjni-all-1.8.jar:/opt/hadoop/share/hadoop/mapreduce/lib/guice-3.0.jar:/opt/hadoop/share/hadoop/mapreduce/lib/javax.inject-1.jar:/opt/hadoop/share/hadoop/mapreduce/lib/aopalliance-1.0.jar:/opt/hadoop/share/hadoop/mapreduce/lib/jersey-guice-1.9.jar:/opt/hadoop/share/hadoop/mapreduce/lib/guice-servlet-3.0.jar:/opt/hadoop/share/hadoop/mapreduce/lib/junit-4.11.jar:/opt/hadoop/share/hadoop/mapreduce/lib/hamcrest-core-1.3.jar:/opt/hadoop/share/hadoop/mapreduce/hadoop-mapreduce-client-core-2.7.3.jar:/opt/hadoop/share/hadoop/mapreduce/hadoop-mapreduce-client-common-2.7.3.jar:/opt/hadoop/share/hadoop/mapreduce/hadoop-mapreduce-client-shuffle-2.7.3.jar:/opt/hadoop/share/hadoop/mapreduce/hadoop-mapreduce-client-app-2.7.3.jar:/opt/hadoop/share/hadoop/mapreduce/hadoop-mapreduce-client-hs-2.7.3.jar:/opt/hadoop/share/hadoop/mapreduce/hadoop-mapreduce-client-jobclient-2.7.3.jar:/opt/hadoop/share/hadoop/mapreduce/hadoop-mapreduce-client-hs-plugins-2.7.3.jar:/opt/hadoop/share/hadoop/mapreduce/hadoop-mapreduce-examples-2.7.3.jar:/opt/hadoop/share/hadoop/mapreduce/hadoop-mapreduce-client-jobclient-2.7.3-tests.jar:/opt/hadoop//contrib/capacity-scheduler/*.jar:/opt/hadoop/contrib/capacity-scheduler/*.jar:/opt/hadoop/contrib/capacity-scheduler/*.jar:/opt/hadoop/contrib/capacity-scheduler/*.jar:/opt/hadoop-2.7.3/share/hadoop/yarn/hadoop-yarn-api-2.7.3.jar:/opt/hadoop-2.7.3/share/hadoop/yarn/hadoop-yarn-common-2.7.3.jar:/opt/hadoop-2.7.3/share/hadoop/yarn/hadoop-yarn-server-common-2.7.3.jar:/opt/hadoop-2.7.3/share/hadoop/yarn/hadoop-yarn-server-nodemanager-2.7.3.jar:/opt/hadoop-2.7.3/share/hadoop/yarn/hadoop-yarn-server-web-proxy-2.7.3.jar:/opt/hadoop-2.7.3/share/hadoop/yarn/hadoop-yarn-server-applicationhistoryservice-2.7.3.jar:/opt/hadoop-2.7.3/share/hadoop/yarn/hadoop-yarn-server-resourcemanager-2.7.3.jar:/opt/hadoop-2.7.3/share/hadoop/yarn/hadoop-yarn-server-tests-2.7.3.jar:/opt/hadoop-2.7.3/share/hadoop/yarn/hadoop-yarn-client-2.7.3.jar:/opt/hadoop-2.7.3/share/hadoop/yarn/hadoop-yarn-server-sharedcachemanager-2.7.3.jar:/opt/hadoop-2.7.3/share/hadoop/yarn/hadoop-yarn-applications-distributedshell-2.7.3.jar:/opt/hadoop-2.7.3/share/hadoop/yarn/hadoop-yarn-applications-unmanaged-am-launcher-2.7.3.jar:/opt/hadoop-2.7.3/share/hadoop/yarn/hadoop-yarn-registry-2.7.3.jar:/opt/hadoop-2.7.3/share/hadoop/yarn/lib/zookeeper-3.4.6-tests.jar:/opt/hadoop-2.7.3/share/hadoop/yarn/lib/commons-lang-2.6.jar:/opt/hadoop-2.7.3/share/hadoop/yarn/lib/guava-11.0.2.jar:/opt/hadoop-2.7.3/share/hadoop/yarn/lib/jsr305-3.0.0.jar:/opt/hadoop-2.7.3/share/hadoop/yarn/lib/commons-logging-1.1.3.jar:/opt/hadoop-2.7.3/share/hadoop/yarn/lib/protobuf-java-2.5.0.jar:/opt/hadoop-2.7.3/share/hadoop/yarn/lib/commons-cli-1.2.jar:/opt/hadoop-2.7.3/share/hadoop/yarn/lib/log4j-1.2.17.jar:/opt/hadoop-2.7.3/share/hadoop/yarn/lib/jaxb-api-2.2.2.jar:/opt/hadoop-2.7.3/share/hadoop/yarn/lib/stax-api-1.0-2.jar:/opt/hadoop-2.7.3/share/hadoop/yarn/lib/activation-1.1.jar:/opt/hadoop-2.7.3/share/hadoop/yarn/lib/commons-compress-1.4.1.jar:/opt/hadoop-2.7.3/share/hadoop/yarn/lib/xz-1.0.jar:/opt/hadoop-2.7.3/share/hadoop/yarn/lib/servlet-api-2.5.jar:/opt/hadoop-2.7.3/share/hadoop/yarn/lib/commons-codec-1.4.jar:/opt/hadoop-2.7.3/share/hadoop/yarn/lib/jetty-util-6.1.26.jar:/opt/hadoop-2.7.3/share/hadoop/yarn/lib/jersey-core-1.9.jar:/opt/hadoop-2.7.3/share/hadoop/yarn/lib/jersey-client-1.9.jar:/opt/hadoop-2.7.3/share/hadoop/yarn/lib/jackson-core-asl-1.9.13.jar:/opt/hadoop-2.7.3/share/hadoop/yarn/lib/jackson-mapper-asl-1.9.13.jar:/opt/hadoop-2.7.3/share/hadoop/yarn/lib/jackson-jaxrs-1.9.13.jar:/opt/hadoop-2.7.3/share/hadoop/yarn/lib/jackson-xc-1.9.13.jar:/opt/hadoop-2.7.3/share/hadoop/yarn/lib/guice-servlet-3.0.jar:/opt/hadoop-2.7.3/share/hadoop/yarn/lib/guice-3.0.jar:/opt/hadoop-2.7.3/share/hadoop/yarn/lib/javax.inject-1.jar:/opt/hadoop-2.7.3/share/hadoop/yarn/lib/aopalliance-1.0.jar:/opt/hadoop-2.7.3/share/hadoop/yarn/lib/commons-io-2.4.jar:/opt/hadoop-2.7.3/share/hadoop/yarn/lib/jersey-server-1.9.jar:/opt/hadoop-2.7.3/share/hadoop/yarn/lib/asm-3.2.jar:/opt/hadoop-2.7.3/share/hadoop/yarn/lib/jersey-json-1.9.jar:/opt/hadoop-2.7.3/share/hadoop/yarn/lib/jettison-1.1.jar:/opt/hadoop-2.7.3/share/hadoop/yarn/lib/jaxb-impl-2.2.3-1.jar:/opt/hadoop-2.7.3/share/hadoop/yarn/lib/jersey-guice-1.9.jar:/opt/hadoop-2.7.3/share/hadoop/yarn/lib/zookeeper-3.4.6.jar:/opt/hadoop-2.7.3/share/hadoop/yarn/lib/netty-3.6.2.Final.jar:/opt/hadoop-2.7.3/share/hadoop/yarn/lib/leveldbjni-all-1.8.jar:/opt/hadoop-2.7.3/share/hadoop/yarn/lib/commons-collections-3.2.2.jar:/opt/hadoop-2.7.3/share/hadoop/yarn/lib/jetty-6.1.26.jar:/opt/hadoop//etc/hadoop/rm-config/log4j.properties
STARTUP_MSG:   build = https://git-wip-us.apache.org/repos/asf/hadoop.git -r baa91f7c6bc9cb92be5982de4719c1c8af91ccff; compiled by 'root' on 2016-08-18T01:41Z
STARTUP_MSG:   java = 1.8.0_144
************************************************************/
2019-02-24 02:50:48,493 INFO org.apache.hadoop.yarn.server.resourcemanager.ResourceManager: registered UNIX signal handlers for [TERM, HUP, INT]
2019-02-24 02:50:48,781 INFO org.apache.hadoop.conf.Configuration: found resource core-site.xml at file:/opt/hadoop-2.7.3/etc/hadoop/core-site.xml
2019-02-24 02:50:48,827 WARN org.apache.hadoop.util.NativeCodeLoader: Unable to load native-hadoop library for your platform... using builtin-java classes where applicable
2019-02-24 02:50:48,860 INFO org.apache.hadoop.security.Groups: clearing userToGroupsMap cache
2019-02-24 02:50:48,935 INFO org.apache.hadoop.conf.Configuration: found resource yarn-site.xml at file:/opt/hadoop-2.7.3/etc/hadoop/yarn-site.xml
2019-02-24 02:50:49,076 INFO org.apache.hadoop.yarn.event.AsyncDispatcher: Registering class org.apache.hadoop.yarn.server.resourcemanager.RMFatalEventType for class org.apache.hadoop.yarn.server.resourcemanager.ResourceManager$RMFatalEventDispatcher
2019-02-24 02:50:49,428 INFO org.apache.hadoop.yarn.server.resourcemanager.security.NMTokenSecretManagerInRM: NMTokenKeyRollingInterval: 86400000ms and NMTokenKeyActivationDelay: 900000ms
2019-02-24 02:50:49,431 INFO org.apache.hadoop.yarn.server.resourcemanager.security.RMContainerTokenSecretManager: ContainerTokenKeyRollingInterval: 86400000ms and ContainerTokenKeyActivationDelay: 900000ms
2019-02-24 02:50:49,444 INFO org.apache.hadoop.yarn.server.resourcemanager.security.AMRMTokenSecretManager: AMRMTokenKeyRollingInterval: 86400000ms and AMRMTokenKeyActivationDelay: 900000 ms
2019-02-24 02:50:49,478 INFO org.apache.hadoop.yarn.event.AsyncDispatcher: Registering class org.apache.hadoop.yarn.server.resourcemanager.recovery.RMStateStoreEventType for class org.apache.hadoop.yarn.server.resourcemanager.recovery.RMStateStore$ForwardingEventHandler
2019-02-24 02:50:49,480 INFO org.apache.hadoop.yarn.event.AsyncDispatcher: Registering class org.apache.hadoop.yarn.server.resourcemanager.NodesListManagerEventType for class org.apache.hadoop.yarn.server.resourcemanager.NodesListManager
2019-02-24 02:50:49,480 INFO org.apache.hadoop.yarn.server.resourcemanager.ResourceManager: Using Scheduler: org.apache.hadoop.yarn.server.resourcemanager.scheduler.capacity.CapacityScheduler
2019-02-24 02:50:49,500 INFO org.apache.hadoop.yarn.event.AsyncDispatcher: Registering class org.apache.hadoop.yarn.server.resourcemanager.scheduler.event.SchedulerEventType for class org.apache.hadoop.yarn.server.resourcemanager.ResourceManager$SchedulerEventDispatcher
2019-02-24 02:50:49,501 INFO org.apache.hadoop.yarn.event.AsyncDispatcher: Registering class org.apache.hadoop.yarn.server.resourcemanager.rmapp.RMAppEventType for class org.apache.hadoop.yarn.server.resourcemanager.ResourceManager$ApplicationEventDispatcher
2019-02-24 02:50:49,502 INFO org.apache.hadoop.yarn.event.AsyncDispatcher: Registering class org.apache.hadoop.yarn.server.resourcemanager.rmapp.attempt.RMAppAttemptEventType for class org.apache.hadoop.yarn.server.resourcemanager.ResourceManager$ApplicationAttemptEventDispatcher
2019-02-24 02:50:49,531 INFO org.apache.hadoop.yarn.event.AsyncDispatcher: Registering class org.apache.hadoop.yarn.server.resourcemanager.rmnode.RMNodeEventType for class org.apache.hadoop.yarn.server.resourcemanager.ResourceManager$NodeEventDispatcher
2019-02-24 02:50:49,592 INFO org.apache.hadoop.metrics2.impl.MetricsConfig: loaded properties from hadoop-metrics2.properties
2019-02-24 02:50:49,655 INFO org.apache.hadoop.metrics2.impl.MetricsSystemImpl: Scheduled snapshot period at 10 second(s).
2019-02-24 02:50:49,655 INFO org.apache.hadoop.metrics2.impl.MetricsSystemImpl: ResourceManager metrics system started
2019-02-24 02:50:49,669 INFO org.apache.hadoop.yarn.event.AsyncDispatcher: Registering class org.apache.hadoop.yarn.server.resourcemanager.RMAppManagerEventType for class org.apache.hadoop.yarn.server.resourcemanager.RMAppManager
2019-02-24 02:50:49,675 INFO org.apache.hadoop.yarn.event.AsyncDispatcher: Registering class org.apache.hadoop.yarn.server.resourcemanager.amlauncher.AMLauncherEventType for class org.apache.hadoop.yarn.server.resourcemanager.amlauncher.ApplicationMasterLauncher
2019-02-24 02:50:49,678 INFO org.apache.hadoop.yarn.server.resourcemanager.RMNMInfo: Registered RMNMInfo MBean
2019-02-24 02:50:49,679 INFO org.apache.hadoop.yarn.security.YarnAuthorizationProvider: org.apache.hadoop.yarn.security.ConfiguredYarnAuthorizer is instiantiated.
2019-02-24 02:50:49,680 INFO org.apache.hadoop.util.HostsFileReader: Refreshing hosts (include/exclude) list
2019-02-24 02:50:49,681 INFO org.apache.hadoop.conf.Configuration: found resource capacity-scheduler.xml at file:/opt/hadoop-2.7.3/etc/hadoop/capacity-scheduler.xml
2019-02-24 02:50:49,737 INFO org.apache.hadoop.yarn.server.resourcemanager.scheduler.capacity.CapacitySchedulerConfiguration: max alloc mb per queue for root is undefined
2019-02-24 02:50:49,737 INFO org.apache.hadoop.yarn.server.resourcemanager.scheduler.capacity.CapacitySchedulerConfiguration: max alloc vcore per queue for root is undefined
2019-02-24 02:50:49,742 INFO org.apache.hadoop.yarn.server.resourcemanager.scheduler.capacity.ParentQueue: root, capacity=1.0, asboluteCapacity=1.0, maxCapacity=1.0, asboluteMaxCapacity=1.0, state=RUNNING, acls=SUBMIT_APP:*ADMINISTER_QUEUE:*, labels=*,
, reservationsContinueLooking=true
2019-02-24 02:50:49,742 INFO org.apache.hadoop.yarn.server.resourcemanager.scheduler.capacity.ParentQueue: Initialized parent-queue root name=root, fullname=root
2019-02-24 02:50:49,756 INFO org.apache.hadoop.yarn.server.resourcemanager.scheduler.capacity.CapacitySchedulerConfiguration: max alloc mb per queue for root.default is undefined
2019-02-24 02:50:49,756 INFO org.apache.hadoop.yarn.server.resourcemanager.scheduler.capacity.CapacitySchedulerConfiguration: max alloc vcore per queue for root.default is undefined
2019-02-24 02:50:49,757 INFO org.apache.hadoop.yarn.server.resourcemanager.scheduler.capacity.LeafQueue: Initializing default
capacity = 1.0 [= (float) configuredCapacity / 100 ]
asboluteCapacity = 1.0 [= parentAbsoluteCapacity * capacity ]
maxCapacity = 1.0 [= configuredMaxCapacity ]
absoluteMaxCapacity = 1.0 [= 1.0 maximumCapacity undefined, (parentAbsoluteMaxCapacity * maximumCapacity) / 100 otherwise ]
userLimit = 100 [= configuredUserLimit ]
userLimitFactor = 1.0 [= configuredUserLimitFactor ]
maxApplications = 10000 [= configuredMaximumSystemApplicationsPerQueue or (int)(configuredMaximumSystemApplications * absoluteCapacity)]
maxApplicationsPerUser = 10000 [= (int)(maxApplications * (userLimit / 100.0f) * userLimitFactor) ]
usedCapacity = 0.0 [= usedResourcesMemory / (clusterResourceMemory * absoluteCapacity)]
absoluteUsedCapacity = 0.0 [= usedResourcesMemory / clusterResourceMemory]
maxAMResourcePerQueuePercent = 0.1 [= configuredMaximumAMResourcePercent ]
minimumAllocationFactor = 0.875 [= (float)(maximumAllocationMemory - minimumAllocationMemory) / maximumAllocationMemory ]
maximumAllocation = <memory:8192, vCores:32> [= configuredMaxAllocation ]
numContainers = 0 [= currentNumContainers ]
state = RUNNING [= configuredState ]
acls = SUBMIT_APP:*ADMINISTER_QUEUE:* [= configuredAcls ]
nodeLocalityDelay = 40
labels=*,
nodeLocalityDelay = 40
reservationsContinueLooking = true
preemptionDisabled = true

2019-02-24 02:50:49,757 INFO org.apache.hadoop.yarn.server.resourcemanager.scheduler.capacity.CapacityScheduler: Initialized queue: default: capacity=1.0, absoluteCapacity=1.0, usedResources=<memory:0, vCores:0>, usedCapacity=0.0, absoluteUsedCapacity=0.0, numApps=0, numContainers=0
2019-02-24 02:50:49,757 INFO org.apache.hadoop.yarn.server.resourcemanager.scheduler.capacity.CapacityScheduler: Initialized queue: root: numChildQueue= 1, capacity=1.0, absoluteCapacity=1.0, usedResources=<memory:0, vCores:0>usedCapacity=0.0, numApps=0, numContainers=0
2019-02-24 02:50:49,758 INFO org.apache.hadoop.yarn.server.resourcemanager.scheduler.capacity.CapacityScheduler: Initialized root queue root: numChildQueue= 1, capacity=1.0, absoluteCapacity=1.0, usedResources=<memory:0, vCores:0>usedCapacity=0.0, numApps=0, numContainers=0
2019-02-24 02:50:49,758 INFO org.apache.hadoop.yarn.server.resourcemanager.scheduler.capacity.CapacityScheduler: Initialized queue mappings, override: false
2019-02-24 02:50:49,758 INFO org.apache.hadoop.yarn.server.resourcemanager.scheduler.capacity.CapacityScheduler: Initialized CapacityScheduler with calculator=class org.apache.hadoop.yarn.util.resource.DefaultResourceCalculator, minimumAllocation=<<memory:1024, vCores:1>>, maximumAllocation=<<memory:8192, vCores:32>>, asynchronousScheduling=false, asyncScheduleInterval=5ms
2019-02-24 02:50:49,767 INFO org.apache.hadoop.yarn.server.resourcemanager.metrics.SystemMetricsPublisher: YARN system metrics publishing service is not enabled
2019-02-24 02:50:49,767 INFO org.apache.hadoop.yarn.server.resourcemanager.ResourceManager: Transitioning to active state
2019-02-24 02:50:49,781 INFO org.apache.hadoop.yarn.server.resourcemanager.recovery.RMStateStore: Updating AMRMToken
2019-02-24 02:50:49,781 INFO org.apache.hadoop.yarn.server.resourcemanager.security.RMContainerTokenSecretManager: Rolling master-key for container-tokens
2019-02-24 02:50:49,781 INFO org.apache.hadoop.yarn.server.resourcemanager.security.NMTokenSecretManagerInRM: Rolling master-key for nm-tokens
2019-02-24 02:50:49,781 INFO org.apache.hadoop.security.token.delegation.AbstractDelegationTokenSecretManager: Updating the current master key for generating delegation tokens
2019-02-24 02:50:49,782 INFO org.apache.hadoop.yarn.server.resourcemanager.security.RMDelegationTokenSecretManager: storing master key with keyID 1
2019-02-24 02:50:49,782 INFO org.apache.hadoop.yarn.server.resourcemanager.recovery.RMStateStore: Storing RMDTMasterKey.
2019-02-24 02:50:49,784 INFO org.apache.hadoop.security.token.delegation.AbstractDelegationTokenSecretManager: Starting expired delegation token remover thread, tokenRemoverScanInterval=60 min(s)
2019-02-24 02:50:49,784 INFO org.apache.hadoop.security.token.delegation.AbstractDelegationTokenSecretManager: Updating the current master key for generating delegation tokens
2019-02-24 02:50:49,784 INFO org.apache.hadoop.yarn.server.resourcemanager.security.RMDelegationTokenSecretManager: storing master key with keyID 2
2019-02-24 02:50:49,784 INFO org.apache.hadoop.yarn.server.resourcemanager.recovery.RMStateStore: Storing RMDTMasterKey.
2019-02-24 02:50:49,786 INFO org.apache.hadoop.yarn.event.AsyncDispatcher: Registering class org.apache.hadoop.yarn.nodelabels.event.NodeLabelsStoreEventType for class org.apache.hadoop.yarn.nodelabels.CommonNodeLabelsManager$ForwardingEventHandler
2019-02-24 02:50:49,815 INFO org.apache.hadoop.ipc.CallQueueManager: Using callQueue class java.util.concurrent.LinkedBlockingQueue
2019-02-24 02:50:49,826 INFO org.apache.hadoop.ipc.Server: Starting Socket Reader #1 for port 8031
2019-02-24 02:50:49,841 INFO org.apache.hadoop.yarn.factories.impl.pb.RpcServerFactoryPBImpl: Adding protocol org.apache.hadoop.yarn.server.api.ResourceTrackerPB to the server
2019-02-24 02:50:49,841 INFO org.apache.hadoop.ipc.Server: IPC Server Responder: starting
2019-02-24 02:50:49,842 INFO org.apache.hadoop.ipc.Server: IPC Server listener on 8031: starting
2019-02-24 02:50:49,922 INFO org.apache.hadoop.ipc.CallQueueManager: Using callQueue class java.util.concurrent.LinkedBlockingQueue
2019-02-24 02:50:49,929 INFO org.apache.hadoop.ipc.Server: Starting Socket Reader #1 for port 8030
2019-02-24 02:50:49,935 INFO org.apache.hadoop.yarn.factories.impl.pb.RpcServerFactoryPBImpl: Adding protocol org.apache.hadoop.yarn.api.ApplicationMasterProtocolPB to the server
2019-02-24 02:50:49,935 INFO org.apache.hadoop.ipc.Server: IPC Server Responder: starting
2019-02-24 02:50:49,936 INFO org.apache.hadoop.ipc.Server: IPC Server listener on 8030: starting
2019-02-24 02:50:49,982 INFO org.apache.hadoop.ipc.CallQueueManager: Using callQueue class java.util.concurrent.LinkedBlockingQueue
2019-02-24 02:50:49,983 INFO org.apache.hadoop.ipc.Server: Starting Socket Reader #1 for port 8032
2019-02-24 02:50:49,985 INFO org.apache.hadoop.yarn.factories.impl.pb.RpcServerFactoryPBImpl: Adding protocol org.apache.hadoop.yarn.api.ApplicationClientProtocolPB to the server
2019-02-24 02:50:49,986 INFO org.apache.hadoop.ipc.Server: IPC Server Responder: starting
2019-02-24 02:50:49,987 INFO org.apache.hadoop.ipc.Server: IPC Server listener on 8032: starting
2019-02-24 02:50:50,009 INFO org.apache.hadoop.yarn.server.resourcemanager.ResourceManager: Transitioned to active state
2019-02-24 02:50:50,092 INFO org.mortbay.log: Logging to org.slf4j.impl.Log4jLoggerAdapter(org.mortbay.log) via org.mortbay.log.Slf4jLog
2019-02-24 02:50:50,101 INFO org.apache.hadoop.security.authentication.server.AuthenticationFilter: Unable to initialize FileSignerSecretProvider, falling back to use random secrets.
2019-02-24 02:50:50,108 INFO org.apache.hadoop.http.HttpRequestLog: Http request log for http.requests.resourcemanager is not defined
2019-02-24 02:50:50,119 INFO org.apache.hadoop.http.HttpServer2: Added global filter 'safety' (class=org.apache.hadoop.http.HttpServer2$QuotingInputFilter)
2019-02-24 02:50:50,122 INFO org.apache.hadoop.http.HttpServer2: Added filter RMAuthenticationFilter (class=org.apache.hadoop.yarn.server.security.http.RMAuthenticationFilter) to context cluster
2019-02-24 02:50:50,122 INFO org.apache.hadoop.http.HttpServer2: Added filter RMAuthenticationFilter (class=org.apache.hadoop.yarn.server.security.http.RMAuthenticationFilter) to context static
2019-02-24 02:50:50,123 INFO org.apache.hadoop.http.HttpServer2: Added filter RMAuthenticationFilter (class=org.apache.hadoop.yarn.server.security.http.RMAuthenticationFilter) to context logs
2019-02-24 02:50:50,123 INFO org.apache.hadoop.http.HttpServer2: Added filter static_user_filter (class=org.apache.hadoop.http.lib.StaticUserWebFilter$StaticUserFilter) to context cluster
2019-02-24 02:50:50,123 INFO org.apache.hadoop.http.HttpServer2: Added filter static_user_filter (class=org.apache.hadoop.http.lib.StaticUserWebFilter$StaticUserFilter) to context static
2019-02-24 02:50:50,123 INFO org.apache.hadoop.http.HttpServer2: Added filter static_user_filter (class=org.apache.hadoop.http.lib.StaticUserWebFilter$StaticUserFilter) to context logs
2019-02-24 02:50:50,127 INFO org.apache.hadoop.http.HttpServer2: adding path spec: /cluster/*
2019-02-24 02:50:50,127 INFO org.apache.hadoop.http.HttpServer2: adding path spec: /ws/*
2019-02-24 02:50:50,568 INFO org.apache.hadoop.yarn.webapp.WebApps: Registered webapp guice modules
2019-02-24 02:50:50,573 INFO org.apache.hadoop.http.HttpServer2: Jetty bound to port 8088
2019-02-24 02:50:50,573 INFO org.mortbay.log: jetty-6.1.26
2019-02-24 02:50:50,598 INFO org.mortbay.log: Extract jar:file:/opt/hadoop-2.7.3/share/hadoop/yarn/hadoop-yarn-common-2.7.3.jar!/webapps/cluster to /tmp/Jetty_master_8088_cluster____i4ls4w/webapp
2019-02-24 02:50:50,757 INFO org.apache.hadoop.security.token.delegation.AbstractDelegationTokenSecretManager: Updating the current master key for generating delegation tokens
2019-02-24 02:50:50,767 INFO org.apache.hadoop.security.token.delegation.AbstractDelegationTokenSecretManager: Starting expired delegation token remover thread, tokenRemoverScanInterval=60 min(s)
2019-02-24 02:50:50,768 INFO org.apache.hadoop.security.token.delegation.AbstractDelegationTokenSecretManager: Updating the current master key for generating delegation tokens
2019-02-24 02:50:51,822 INFO org.mortbay.log: Started HttpServer2$SelectChannelConnectorWithSafeStartup@master:8088
2019-02-24 02:50:51,822 INFO org.apache.hadoop.yarn.webapp.WebApps: Web app cluster started at 8088
2019-02-24 02:50:51,851 INFO org.apache.hadoop.ipc.CallQueueManager: Using callQueue class java.util.concurrent.LinkedBlockingQueue
2019-02-24 02:50:51,852 INFO org.apache.hadoop.ipc.Server: Starting Socket Reader #1 for port 8033
2019-02-24 02:50:51,853 INFO org.apache.hadoop.yarn.factories.impl.pb.RpcServerFactoryPBImpl: Adding protocol org.apache.hadoop.yarn.server.api.ResourceManagerAdministrationProtocolPB to the server
2019-02-24 02:50:51,856 INFO org.apache.hadoop.ipc.Server: IPC Server Responder: starting
2019-02-24 02:50:51,856 INFO org.apache.hadoop.ipc.Server: IPC Server listener on 8033: starting
2019-02-24 02:50:53,126 INFO org.apache.hadoop.yarn.util.RackResolver: Resolved slaver1 to /default-rack
2019-02-24 02:50:53,128 INFO org.apache.hadoop.yarn.server.resourcemanager.ResourceTrackerService: NodeManager from node slaver1(cmPort: 8034 httpPort: 8042) registered with capability: <memory:8192, vCores:8>, assigned nodeId slaver1:8034
2019-02-24 02:50:53,136 INFO org.apache.hadoop.yarn.server.resourcemanager.rmnode.RMNodeImpl: slaver1:8034 Node Transitioned from NEW to RUNNING
2019-02-24 02:50:53,140 INFO org.apache.hadoop.yarn.server.resourcemanager.scheduler.capacity.CapacityScheduler: Added node slaver1:8034 clusterResource: <memory:8192, vCores:8>
2019-02-24 02:50:53,156 INFO org.apache.hadoop.yarn.util.RackResolver: Resolved slaver2 to /default-rack
2019-02-24 02:50:53,156 INFO org.apache.hadoop.yarn.server.resourcemanager.ResourceTrackerService: NodeManager from node slaver2(cmPort: 8034 httpPort: 8042) registered with capability: <memory:8192, vCores:8>, assigned nodeId slaver2:8034
2019-02-24 02:50:53,156 INFO org.apache.hadoop.yarn.server.resourcemanager.rmnode.RMNodeImpl: slaver2:8034 Node Transitioned from NEW to RUNNING
2019-02-24 02:50:53,161 INFO org.apache.hadoop.yarn.server.resourcemanager.scheduler.capacity.CapacityScheduler: Added node slaver2:8034 clusterResource: <memory:16384, vCores:16>
2019-02-24 03:00:49,681 INFO org.apache.hadoop.yarn.server.resourcemanager.scheduler.AbstractYarnScheduler: Release request cache is cleaned up
2019-02-24 07:42:30,945 INFO org.apache.hadoop.yarn.util.RackResolver: Resolved slaver3 to /default-rack
2019-02-24 07:42:30,946 INFO org.apache.hadoop.yarn.server.resourcemanager.ResourceTrackerService: NodeManager from node slaver3(cmPort: 8034 httpPort: 8042) registered with capability: <memory:8192, vCores:8>, assigned nodeId slaver3:8034
2019-02-24 07:42:30,947 INFO org.apache.hadoop.yarn.server.resourcemanager.rmnode.RMNodeImpl: slaver3:8034 Node Transitioned from NEW to RUNNING
2019-02-24 07:42:30,948 INFO org.apache.hadoop.yarn.server.resourcemanager.scheduler.capacity.CapacityScheduler: Added node slaver3:8034 clusterResource: <memory:24576, vCores:24>
2019-02-24 08:00:49,861 INFO org.apache.hadoop.yarn.util.AbstractLivelinessMonitor: Expired:slaver3:8034 Timed out after 600 secs
2019-02-24 08:00:49,867 INFO org.apache.hadoop.yarn.server.resourcemanager.rmnode.RMNodeImpl: Deactivating Node slaver3:8034 as it is now LOST
2019-02-24 08:00:49,868 INFO org.apache.hadoop.yarn.server.resourcemanager.rmnode.RMNodeImpl: slaver3:8034 Node Transitioned from RUNNING to LOST
2019-02-24 08:00:49,869 INFO org.apache.hadoop.yarn.server.resourcemanager.scheduler.capacity.CapacityScheduler: Removed node slaver3:8034 clusterResource: <memory:16384, vCores:16>
2019-02-24 08:11:05,388 ERROR org.apache.hadoop.yarn.server.resourcemanager.ResourceManager: RECEIVED SIGNAL 15: SIGTERM
2019-02-24 08:11:05,397 ERROR org.apache.hadoop.security.token.delegation.AbstractDelegationTokenSecretManager: ExpiredTokenRemover received java.lang.InterruptedException: sleep interrupted
2019-02-24 08:11:05,398 INFO org.mortbay.log: Stopped HttpServer2$SelectChannelConnectorWithSafeStartup@master:8088
2019-02-24 08:11:05,503 INFO org.apache.hadoop.ipc.Server: Stopping server on 8032
2019-02-24 08:11:05,509 INFO org.apache.hadoop.ipc.Server: Stopping IPC Server listener on 8032
2019-02-24 08:11:05,509 INFO org.apache.hadoop.ipc.Server: Stopping server on 8033
2019-02-24 08:11:05,510 INFO org.apache.hadoop.ipc.Server: Stopping IPC Server Responder
2019-02-24 08:11:05,514 INFO org.apache.hadoop.ipc.Server: Stopping IPC Server Responder
2019-02-24 08:11:05,516 INFO org.apache.hadoop.yarn.server.resourcemanager.ResourceManager: Transitioning to standby state
2019-02-24 08:11:05,517 INFO org.apache.hadoop.ipc.Server: Stopping IPC Server listener on 8033
2019-02-24 08:11:05,518 WARN org.apache.hadoop.yarn.server.resourcemanager.amlauncher.ApplicationMasterLauncher: org.apache.hadoop.yarn.server.resourcemanager.amlauncher.ApplicationMasterLauncher$LauncherThread interrupted. Returning.
2019-02-24 08:11:05,519 INFO org.apache.hadoop.ipc.Server: Stopping server on 8030
2019-02-24 08:11:05,527 INFO org.apache.hadoop.ipc.Server: Stopping server on 8031
2019-02-24 08:11:05,528 INFO org.apache.hadoop.ipc.Server: Stopping IPC Server listener on 8030
2019-02-24 08:11:05,528 INFO org.apache.hadoop.ipc.Server: Stopping IPC Server Responder
2019-02-24 08:11:05,543 INFO org.apache.hadoop.ipc.Server: Stopping IPC Server Responder
2019-02-24 08:11:05,543 ERROR org.apache.hadoop.yarn.server.resourcemanager.ResourceManager: Returning, interrupted : java.lang.InterruptedException
2019-02-24 08:11:05,543 INFO org.apache.hadoop.ipc.Server: Stopping IPC Server listener on 8031
2019-02-24 08:11:05,546 INFO org.apache.hadoop.yarn.event.AsyncDispatcher: AsyncDispatcher is draining to stop, igonring any new events.
2019-02-24 08:11:05,547 INFO org.apache.hadoop.yarn.util.AbstractLivelinessMonitor: AMLivelinessMonitor thread interrupted
2019-02-24 08:11:05,547 INFO org.apache.hadoop.yarn.util.AbstractLivelinessMonitor: org.apache.hadoop.yarn.server.resourcemanager.rmcontainer.ContainerAllocationExpirer thread interrupted
2019-02-24 08:11:05,547 ERROR org.apache.hadoop.security.token.delegation.AbstractDelegationTokenSecretManager: ExpiredTokenRemover received java.lang.InterruptedException: sleep interrupted
2019-02-24 08:11:05,548 INFO org.apache.hadoop.yarn.util.AbstractLivelinessMonitor: AMLivelinessMonitor thread interrupted
2019-02-24 08:11:05,548 INFO org.apache.hadoop.yarn.util.AbstractLivelinessMonitor: NMLivelinessMonitor thread interrupted
2019-02-24 08:11:05,549 INFO org.apache.hadoop.metrics2.impl.MetricsSystemImpl: Stopping ResourceManager metrics system...
2019-02-24 08:11:05,557 INFO org.apache.hadoop.metrics2.impl.MetricsSystemImpl: ResourceManager metrics system stopped.
2019-02-24 08:11:05,558 INFO org.apache.hadoop.metrics2.impl.MetricsSystemImpl: ResourceManager metrics system shutdown complete.
2019-02-24 08:11:05,558 INFO org.apache.hadoop.yarn.event.AsyncDispatcher: AsyncDispatcher is draining to stop, igonring any new events.
2019-02-24 08:11:05,558 INFO org.apache.hadoop.yarn.server.resourcemanager.ResourceManager: Transitioned to standby state
2019-02-24 08:11:05,558 INFO org.apache.hadoop.yarn.server.resourcemanager.ResourceManager: SHUTDOWN_MSG: 
/************************************************************
SHUTDOWN_MSG: Shutting down ResourceManager at master/192.168.33.132
************************************************************/
2019-02-24 08:18:12,030 INFO org.apache.hadoop.yarn.server.resourcemanager.ResourceManager: STARTUP_MSG: 
/************************************************************
STARTUP_MSG: Starting ResourceManager
STARTUP_MSG:   host = master/192.168.33.132
STARTUP_MSG:   args = []
STARTUP_MSG:   version = 2.7.3
STARTUP_MSG:   classpath = /opt/hadoop//etc/hadoop:/opt/hadoop//etc/hadoop:/opt/hadoop//etc/hadoop:/opt/hadoop/share/hadoop/common/lib/jaxb-impl-2.2.3-1.jar:/opt/hadoop/share/hadoop/common/lib/jaxb-api-2.2.2.jar:/opt/hadoop/share/hadoop/common/lib/stax-api-1.0-2.jar:/opt/hadoop/share/hadoop/common/lib/activation-1.1.jar:/opt/hadoop/share/hadoop/common/lib/jackson-core-asl-1.9.13.jar:/opt/hadoop/share/hadoop/common/lib/jackson-mapper-asl-1.9.13.jar:/opt/hadoop/share/hadoop/common/lib/jackson-jaxrs-1.9.13.jar:/opt/hadoop/share/hadoop/common/lib/jackson-xc-1.9.13.jar:/opt/hadoop/share/hadoop/common/lib/jersey-server-1.9.jar:/opt/hadoop/share/hadoop/common/lib/asm-3.2.jar:/opt/hadoop/share/hadoop/common/lib/log4j-1.2.17.jar:/opt/hadoop/share/hadoop/common/lib/jets3t-0.9.0.jar:/opt/hadoop/share/hadoop/common/lib/httpclient-4.2.5.jar:/opt/hadoop/share/hadoop/common/lib/httpcore-4.2.5.jar:/opt/hadoop/share/hadoop/common/lib/java-xmlbuilder-0.4.jar:/opt/hadoop/share/hadoop/common/lib/commons-lang-2.6.jar:/opt/hadoop/share/hadoop/common/lib/commons-configuration-1.6.jar:/opt/hadoop/share/hadoop/common/lib/commons-digester-1.8.jar:/opt/hadoop/share/hadoop/common/lib/commons-beanutils-1.7.0.jar:/opt/hadoop/share/hadoop/common/lib/commons-beanutils-core-1.8.0.jar:/opt/hadoop/share/hadoop/common/lib/slf4j-api-1.7.10.jar:/opt/hadoop/share/hadoop/common/lib/slf4j-log4j12-1.7.10.jar:/opt/hadoop/share/hadoop/common/lib/avro-1.7.4.jar:/opt/hadoop/share/hadoop/common/lib/paranamer-2.3.jar:/opt/hadoop/share/hadoop/common/lib/snappy-java-1.0.4.1.jar:/opt/hadoop/share/hadoop/common/lib/commons-compress-1.4.1.jar:/opt/hadoop/share/hadoop/common/lib/xz-1.0.jar:/opt/hadoop/share/hadoop/common/lib/protobuf-java-2.5.0.jar:/opt/hadoop/share/hadoop/common/lib/gson-2.2.4.jar:/opt/hadoop/share/hadoop/common/lib/hadoop-auth-2.7.3.jar:/opt/hadoop/share/hadoop/common/lib/apacheds-kerberos-codec-2.0.0-M15.jar:/opt/hadoop/share/hadoop/common/lib/apacheds-i18n-2.0.0-M15.jar:/opt/hadoop/share/hadoop/common/lib/api-asn1-api-1.0.0-M20.jar:/opt/hadoop/share/hadoop/common/lib/api-util-1.0.0-M20.jar:/opt/hadoop/share/hadoop/common/lib/zookeeper-3.4.6.jar:/opt/hadoop/share/hadoop/common/lib/netty-3.6.2.Final.jar:/opt/hadoop/share/hadoop/common/lib/curator-framework-2.7.1.jar:/opt/hadoop/share/hadoop/common/lib/curator-client-2.7.1.jar:/opt/hadoop/share/hadoop/common/lib/jsch-0.1.42.jar:/opt/hadoop/share/hadoop/common/lib/curator-recipes-2.7.1.jar:/opt/hadoop/share/hadoop/common/lib/htrace-core-3.1.0-incubating.jar:/opt/hadoop/share/hadoop/common/lib/junit-4.11.jar:/opt/hadoop/share/hadoop/common/lib/hamcrest-core-1.3.jar:/opt/hadoop/share/hadoop/common/lib/mockito-all-1.8.5.jar:/opt/hadoop/share/hadoop/common/lib/hadoop-annotations-2.7.3.jar:/opt/hadoop/share/hadoop/common/lib/guava-11.0.2.jar:/opt/hadoop/share/hadoop/common/lib/jsr305-3.0.0.jar:/opt/hadoop/share/hadoop/common/lib/commons-cli-1.2.jar:/opt/hadoop/share/hadoop/common/lib/commons-math3-3.1.1.jar:/opt/hadoop/share/hadoop/common/lib/xmlenc-0.52.jar:/opt/hadoop/share/hadoop/common/lib/commons-httpclient-3.1.jar:/opt/hadoop/share/hadoop/common/lib/commons-logging-1.1.3.jar:/opt/hadoop/share/hadoop/common/lib/commons-codec-1.4.jar:/opt/hadoop/share/hadoop/common/lib/commons-io-2.4.jar:/opt/hadoop/share/hadoop/common/lib/commons-net-3.1.jar:/opt/hadoop/share/hadoop/common/lib/commons-collections-3.2.2.jar:/opt/hadoop/share/hadoop/common/lib/servlet-api-2.5.jar:/opt/hadoop/share/hadoop/common/lib/jetty-6.1.26.jar:/opt/hadoop/share/hadoop/common/lib/jetty-util-6.1.26.jar:/opt/hadoop/share/hadoop/common/lib/jsp-api-2.1.jar:/opt/hadoop/share/hadoop/common/lib/jersey-core-1.9.jar:/opt/hadoop/share/hadoop/common/lib/jersey-json-1.9.jar:/opt/hadoop/share/hadoop/common/lib/jettison-1.1.jar:/opt/hadoop/share/hadoop/common/hadoop-common-2.7.3.jar:/opt/hadoop/share/hadoop/common/hadoop-common-2.7.3-tests.jar:/opt/hadoop/share/hadoop/common/hadoop-nfs-2.7.3.jar:/opt/hadoop/share/hadoop/hdfs:/opt/hadoop/share/hadoop/hdfs/lib/commons-codec-1.4.jar:/opt/hadoop/share/hadoop/hdfs/lib/log4j-1.2.17.jar:/opt/hadoop/share/hadoop/hdfs/lib/commons-logging-1.1.3.jar:/opt/hadoop/share/hadoop/hdfs/lib/netty-3.6.2.Final.jar:/opt/hadoop/share/hadoop/hdfs/lib/guava-11.0.2.jar:/opt/hadoop/share/hadoop/hdfs/lib/jsr305-3.0.0.jar:/opt/hadoop/share/hadoop/hdfs/lib/commons-cli-1.2.jar:/opt/hadoop/share/hadoop/hdfs/lib/xmlenc-0.52.jar:/opt/hadoop/share/hadoop/hdfs/lib/commons-io-2.4.jar:/opt/hadoop/share/hadoop/hdfs/lib/servlet-api-2.5.jar:/opt/hadoop/share/hadoop/hdfs/lib/jetty-6.1.26.jar:/opt/hadoop/share/hadoop/hdfs/lib/jetty-util-6.1.26.jar:/opt/hadoop/share/hadoop/hdfs/lib/jersey-core-1.9.jar:/opt/hadoop/share/hadoop/hdfs/lib/jackson-core-asl-1.9.13.jar:/opt/hadoop/share/hadoop/hdfs/lib/jackson-mapper-asl-1.9.13.jar:/opt/hadoop/share/hadoop/hdfs/lib/jersey-server-1.9.jar:/opt/hadoop/share/hadoop/hdfs/lib/asm-3.2.jar:/opt/hadoop/share/hadoop/hdfs/lib/commons-lang-2.6.jar:/opt/hadoop/share/hadoop/hdfs/lib/protobuf-java-2.5.0.jar:/opt/hadoop/share/hadoop/hdfs/lib/htrace-core-3.1.0-incubating.jar:/opt/hadoop/share/hadoop/hdfs/lib/commons-daemon-1.0.13.jar:/opt/hadoop/share/hadoop/hdfs/lib/netty-all-4.0.23.Final.jar:/opt/hadoop/share/hadoop/hdfs/lib/xercesImpl-2.9.1.jar:/opt/hadoop/share/hadoop/hdfs/lib/xml-apis-1.3.04.jar:/opt/hadoop/share/hadoop/hdfs/lib/leveldbjni-all-1.8.jar:/opt/hadoop/share/hadoop/hdfs/hadoop-hdfs-2.7.3.jar:/opt/hadoop/share/hadoop/hdfs/hadoop-hdfs-2.7.3-tests.jar:/opt/hadoop/share/hadoop/hdfs/hadoop-hdfs-nfs-2.7.3.jar:/opt/hadoop-2.7.3/share/hadoop/yarn/lib/zookeeper-3.4.6-tests.jar:/opt/hadoop-2.7.3/share/hadoop/yarn/lib/commons-lang-2.6.jar:/opt/hadoop-2.7.3/share/hadoop/yarn/lib/guava-11.0.2.jar:/opt/hadoop-2.7.3/share/hadoop/yarn/lib/jsr305-3.0.0.jar:/opt/hadoop-2.7.3/share/hadoop/yarn/lib/commons-logging-1.1.3.jar:/opt/hadoop-2.7.3/share/hadoop/yarn/lib/protobuf-java-2.5.0.jar:/opt/hadoop-2.7.3/share/hadoop/yarn/lib/commons-cli-1.2.jar:/opt/hadoop-2.7.3/share/hadoop/yarn/lib/log4j-1.2.17.jar:/opt/hadoop-2.7.3/share/hadoop/yarn/lib/jaxb-api-2.2.2.jar:/opt/hadoop-2.7.3/share/hadoop/yarn/lib/stax-api-1.0-2.jar:/opt/hadoop-2.7.3/share/hadoop/yarn/lib/activation-1.1.jar:/opt/hadoop-2.7.3/share/hadoop/yarn/lib/commons-compress-1.4.1.jar:/opt/hadoop-2.7.3/share/hadoop/yarn/lib/xz-1.0.jar:/opt/hadoop-2.7.3/share/hadoop/yarn/lib/servlet-api-2.5.jar:/opt/hadoop-2.7.3/share/hadoop/yarn/lib/commons-codec-1.4.jar:/opt/hadoop-2.7.3/share/hadoop/yarn/lib/jetty-util-6.1.26.jar:/opt/hadoop-2.7.3/share/hadoop/yarn/lib/jersey-core-1.9.jar:/opt/hadoop-2.7.3/share/hadoop/yarn/lib/jersey-client-1.9.jar:/opt/hadoop-2.7.3/share/hadoop/yarn/lib/jackson-core-asl-1.9.13.jar:/opt/hadoop-2.7.3/share/hadoop/yarn/lib/jackson-mapper-asl-1.9.13.jar:/opt/hadoop-2.7.3/share/hadoop/yarn/lib/jackson-jaxrs-1.9.13.jar:/opt/hadoop-2.7.3/share/hadoop/yarn/lib/jackson-xc-1.9.13.jar:/opt/hadoop-2.7.3/share/hadoop/yarn/lib/guice-servlet-3.0.jar:/opt/hadoop-2.7.3/share/hadoop/yarn/lib/guice-3.0.jar:/opt/hadoop-2.7.3/share/hadoop/yarn/lib/javax.inject-1.jar:/opt/hadoop-2.7.3/share/hadoop/yarn/lib/aopalliance-1.0.jar:/opt/hadoop-2.7.3/share/hadoop/yarn/lib/commons-io-2.4.jar:/opt/hadoop-2.7.3/share/hadoop/yarn/lib/jersey-server-1.9.jar:/opt/hadoop-2.7.3/share/hadoop/yarn/lib/asm-3.2.jar:/opt/hadoop-2.7.3/share/hadoop/yarn/lib/jersey-json-1.9.jar:/opt/hadoop-2.7.3/share/hadoop/yarn/lib/jettison-1.1.jar:/opt/hadoop-2.7.3/share/hadoop/yarn/lib/jaxb-impl-2.2.3-1.jar:/opt/hadoop-2.7.3/share/hadoop/yarn/lib/jersey-guice-1.9.jar:/opt/hadoop-2.7.3/share/hadoop/yarn/lib/zookeeper-3.4.6.jar:/opt/hadoop-2.7.3/share/hadoop/yarn/lib/netty-3.6.2.Final.jar:/opt/hadoop-2.7.3/share/hadoop/yarn/lib/leveldbjni-all-1.8.jar:/opt/hadoop-2.7.3/share/hadoop/yarn/lib/commons-collections-3.2.2.jar:/opt/hadoop-2.7.3/share/hadoop/yarn/lib/jetty-6.1.26.jar:/opt/hadoop-2.7.3/share/hadoop/yarn/hadoop-yarn-api-2.7.3.jar:/opt/hadoop-2.7.3/share/hadoop/yarn/hadoop-yarn-common-2.7.3.jar:/opt/hadoop-2.7.3/share/hadoop/yarn/hadoop-yarn-server-common-2.7.3.jar:/opt/hadoop-2.7.3/share/hadoop/yarn/hadoop-yarn-server-nodemanager-2.7.3.jar:/opt/hadoop-2.7.3/share/hadoop/yarn/hadoop-yarn-server-web-proxy-2.7.3.jar:/opt/hadoop-2.7.3/share/hadoop/yarn/hadoop-yarn-server-applicationhistoryservice-2.7.3.jar:/opt/hadoop-2.7.3/share/hadoop/yarn/hadoop-yarn-server-resourcemanager-2.7.3.jar:/opt/hadoop-2.7.3/share/hadoop/yarn/hadoop-yarn-server-tests-2.7.3.jar:/opt/hadoop-2.7.3/share/hadoop/yarn/hadoop-yarn-client-2.7.3.jar:/opt/hadoop-2.7.3/share/hadoop/yarn/hadoop-yarn-server-sharedcachemanager-2.7.3.jar:/opt/hadoop-2.7.3/share/hadoop/yarn/hadoop-yarn-applications-distributedshell-2.7.3.jar:/opt/hadoop-2.7.3/share/hadoop/yarn/hadoop-yarn-applications-unmanaged-am-launcher-2.7.3.jar:/opt/hadoop-2.7.3/share/hadoop/yarn/hadoop-yarn-registry-2.7.3.jar:/opt/hadoop/share/hadoop/mapreduce/lib/protobuf-java-2.5.0.jar:/opt/hadoop/share/hadoop/mapreduce/lib/avro-1.7.4.jar:/opt/hadoop/share/hadoop/mapreduce/lib/jackson-core-asl-1.9.13.jar:/opt/hadoop/share/hadoop/mapreduce/lib/jackson-mapper-asl-1.9.13.jar:/opt/hadoop/share/hadoop/mapreduce/lib/paranamer-2.3.jar:/opt/hadoop/share/hadoop/mapreduce/lib/snappy-java-1.0.4.1.jar:/opt/hadoop/share/hadoop/mapreduce/lib/commons-compress-1.4.1.jar:/opt/hadoop/share/hadoop/mapreduce/lib/xz-1.0.jar:/opt/hadoop/share/hadoop/mapreduce/lib/hadoop-annotations-2.7.3.jar:/opt/hadoop/share/hadoop/mapreduce/lib/commons-io-2.4.jar:/opt/hadoop/share/hadoop/mapreduce/lib/jersey-core-1.9.jar:/opt/hadoop/share/hadoop/mapreduce/lib/jersey-server-1.9.jar:/opt/hadoop/share/hadoop/mapreduce/lib/asm-3.2.jar:/opt/hadoop/share/hadoop/mapreduce/lib/log4j-1.2.17.jar:/opt/hadoop/share/hadoop/mapreduce/lib/netty-3.6.2.Final.jar:/opt/hadoop/share/hadoop/mapreduce/lib/leveldbjni-all-1.8.jar:/opt/hadoop/share/hadoop/mapreduce/lib/guice-3.0.jar:/opt/hadoop/share/hadoop/mapreduce/lib/javax.inject-1.jar:/opt/hadoop/share/hadoop/mapreduce/lib/aopalliance-1.0.jar:/opt/hadoop/share/hadoop/mapreduce/lib/jersey-guice-1.9.jar:/opt/hadoop/share/hadoop/mapreduce/lib/guice-servlet-3.0.jar:/opt/hadoop/share/hadoop/mapreduce/lib/junit-4.11.jar:/opt/hadoop/share/hadoop/mapreduce/lib/hamcrest-core-1.3.jar:/opt/hadoop/share/hadoop/mapreduce/hadoop-mapreduce-client-core-2.7.3.jar:/opt/hadoop/share/hadoop/mapreduce/hadoop-mapreduce-client-common-2.7.3.jar:/opt/hadoop/share/hadoop/mapreduce/hadoop-mapreduce-client-shuffle-2.7.3.jar:/opt/hadoop/share/hadoop/mapreduce/hadoop-mapreduce-client-app-2.7.3.jar:/opt/hadoop/share/hadoop/mapreduce/hadoop-mapreduce-client-hs-2.7.3.jar:/opt/hadoop/share/hadoop/mapreduce/hadoop-mapreduce-client-jobclient-2.7.3.jar:/opt/hadoop/share/hadoop/mapreduce/hadoop-mapreduce-client-hs-plugins-2.7.3.jar:/opt/hadoop/share/hadoop/mapreduce/hadoop-mapreduce-examples-2.7.3.jar:/opt/hadoop/share/hadoop/mapreduce/hadoop-mapreduce-client-jobclient-2.7.3-tests.jar:/opt/hadoop//contrib/capacity-scheduler/*.jar:/opt/hadoop/contrib/capacity-scheduler/*.jar:/opt/hadoop/contrib/capacity-scheduler/*.jar:/opt/hadoop/contrib/capacity-scheduler/*.jar:/opt/hadoop-2.7.3/share/hadoop/yarn/hadoop-yarn-api-2.7.3.jar:/opt/hadoop-2.7.3/share/hadoop/yarn/hadoop-yarn-common-2.7.3.jar:/opt/hadoop-2.7.3/share/hadoop/yarn/hadoop-yarn-server-common-2.7.3.jar:/opt/hadoop-2.7.3/share/hadoop/yarn/hadoop-yarn-server-nodemanager-2.7.3.jar:/opt/hadoop-2.7.3/share/hadoop/yarn/hadoop-yarn-server-web-proxy-2.7.3.jar:/opt/hadoop-2.7.3/share/hadoop/yarn/hadoop-yarn-server-applicationhistoryservice-2.7.3.jar:/opt/hadoop-2.7.3/share/hadoop/yarn/hadoop-yarn-server-resourcemanager-2.7.3.jar:/opt/hadoop-2.7.3/share/hadoop/yarn/hadoop-yarn-server-tests-2.7.3.jar:/opt/hadoop-2.7.3/share/hadoop/yarn/hadoop-yarn-client-2.7.3.jar:/opt/hadoop-2.7.3/share/hadoop/yarn/hadoop-yarn-server-sharedcachemanager-2.7.3.jar:/opt/hadoop-2.7.3/share/hadoop/yarn/hadoop-yarn-applications-distributedshell-2.7.3.jar:/opt/hadoop-2.7.3/share/hadoop/yarn/hadoop-yarn-applications-unmanaged-am-launcher-2.7.3.jar:/opt/hadoop-2.7.3/share/hadoop/yarn/hadoop-yarn-registry-2.7.3.jar:/opt/hadoop-2.7.3/share/hadoop/yarn/lib/zookeeper-3.4.6-tests.jar:/opt/hadoop-2.7.3/share/hadoop/yarn/lib/commons-lang-2.6.jar:/opt/hadoop-2.7.3/share/hadoop/yarn/lib/guava-11.0.2.jar:/opt/hadoop-2.7.3/share/hadoop/yarn/lib/jsr305-3.0.0.jar:/opt/hadoop-2.7.3/share/hadoop/yarn/lib/commons-logging-1.1.3.jar:/opt/hadoop-2.7.3/share/hadoop/yarn/lib/protobuf-java-2.5.0.jar:/opt/hadoop-2.7.3/share/hadoop/yarn/lib/commons-cli-1.2.jar:/opt/hadoop-2.7.3/share/hadoop/yarn/lib/log4j-1.2.17.jar:/opt/hadoop-2.7.3/share/hadoop/yarn/lib/jaxb-api-2.2.2.jar:/opt/hadoop-2.7.3/share/hadoop/yarn/lib/stax-api-1.0-2.jar:/opt/hadoop-2.7.3/share/hadoop/yarn/lib/activation-1.1.jar:/opt/hadoop-2.7.3/share/hadoop/yarn/lib/commons-compress-1.4.1.jar:/opt/hadoop-2.7.3/share/hadoop/yarn/lib/xz-1.0.jar:/opt/hadoop-2.7.3/share/hadoop/yarn/lib/servlet-api-2.5.jar:/opt/hadoop-2.7.3/share/hadoop/yarn/lib/commons-codec-1.4.jar:/opt/hadoop-2.7.3/share/hadoop/yarn/lib/jetty-util-6.1.26.jar:/opt/hadoop-2.7.3/share/hadoop/yarn/lib/jersey-core-1.9.jar:/opt/hadoop-2.7.3/share/hadoop/yarn/lib/jersey-client-1.9.jar:/opt/hadoop-2.7.3/share/hadoop/yarn/lib/jackson-core-asl-1.9.13.jar:/opt/hadoop-2.7.3/share/hadoop/yarn/lib/jackson-mapper-asl-1.9.13.jar:/opt/hadoop-2.7.3/share/hadoop/yarn/lib/jackson-jaxrs-1.9.13.jar:/opt/hadoop-2.7.3/share/hadoop/yarn/lib/jackson-xc-1.9.13.jar:/opt/hadoop-2.7.3/share/hadoop/yarn/lib/guice-servlet-3.0.jar:/opt/hadoop-2.7.3/share/hadoop/yarn/lib/guice-3.0.jar:/opt/hadoop-2.7.3/share/hadoop/yarn/lib/javax.inject-1.jar:/opt/hadoop-2.7.3/share/hadoop/yarn/lib/aopalliance-1.0.jar:/opt/hadoop-2.7.3/share/hadoop/yarn/lib/commons-io-2.4.jar:/opt/hadoop-2.7.3/share/hadoop/yarn/lib/jersey-server-1.9.jar:/opt/hadoop-2.7.3/share/hadoop/yarn/lib/asm-3.2.jar:/opt/hadoop-2.7.3/share/hadoop/yarn/lib/jersey-json-1.9.jar:/opt/hadoop-2.7.3/share/hadoop/yarn/lib/jettison-1.1.jar:/opt/hadoop-2.7.3/share/hadoop/yarn/lib/jaxb-impl-2.2.3-1.jar:/opt/hadoop-2.7.3/share/hadoop/yarn/lib/jersey-guice-1.9.jar:/opt/hadoop-2.7.3/share/hadoop/yarn/lib/zookeeper-3.4.6.jar:/opt/hadoop-2.7.3/share/hadoop/yarn/lib/netty-3.6.2.Final.jar:/opt/hadoop-2.7.3/share/hadoop/yarn/lib/leveldbjni-all-1.8.jar:/opt/hadoop-2.7.3/share/hadoop/yarn/lib/commons-collections-3.2.2.jar:/opt/hadoop-2.7.3/share/hadoop/yarn/lib/jetty-6.1.26.jar:/opt/hadoop//etc/hadoop/rm-config/log4j.properties
STARTUP_MSG:   build = https://git-wip-us.apache.org/repos/asf/hadoop.git -r baa91f7c6bc9cb92be5982de4719c1c8af91ccff; compiled by 'root' on 2016-08-18T01:41Z
STARTUP_MSG:   java = 1.8.0_144
************************************************************/
2019-02-24 08:18:12,037 INFO org.apache.hadoop.yarn.server.resourcemanager.ResourceManager: registered UNIX signal handlers for [TERM, HUP, INT]
2019-02-24 08:18:12,266 INFO org.apache.hadoop.conf.Configuration: found resource core-site.xml at file:/opt/hadoop-2.7.3/etc/hadoop/core-site.xml
2019-02-24 08:18:12,306 WARN org.apache.hadoop.util.NativeCodeLoader: Unable to load native-hadoop library for your platform... using builtin-java classes where applicable
2019-02-24 08:18:12,331 INFO org.apache.hadoop.security.Groups: clearing userToGroupsMap cache
2019-02-24 08:18:12,379 INFO org.apache.hadoop.conf.Configuration: found resource yarn-site.xml at file:/opt/hadoop-2.7.3/etc/hadoop/yarn-site.xml
2019-02-24 08:18:12,504 INFO org.apache.hadoop.yarn.event.AsyncDispatcher: Registering class org.apache.hadoop.yarn.server.resourcemanager.RMFatalEventType for class org.apache.hadoop.yarn.server.resourcemanager.ResourceManager$RMFatalEventDispatcher
2019-02-24 08:18:12,671 INFO org.apache.hadoop.yarn.server.resourcemanager.security.NMTokenSecretManagerInRM: NMTokenKeyRollingInterval: 86400000ms and NMTokenKeyActivationDelay: 900000ms
2019-02-24 08:18:12,683 INFO org.apache.hadoop.yarn.server.resourcemanager.security.RMContainerTokenSecretManager: ContainerTokenKeyRollingInterval: 86400000ms and ContainerTokenKeyActivationDelay: 900000ms
2019-02-24 08:18:12,692 INFO org.apache.hadoop.yarn.server.resourcemanager.security.AMRMTokenSecretManager: AMRMTokenKeyRollingInterval: 86400000ms and AMRMTokenKeyActivationDelay: 900000 ms
2019-02-24 08:18:12,714 INFO org.apache.hadoop.yarn.event.AsyncDispatcher: Registering class org.apache.hadoop.yarn.server.resourcemanager.recovery.RMStateStoreEventType for class org.apache.hadoop.yarn.server.resourcemanager.recovery.RMStateStore$ForwardingEventHandler
2019-02-24 08:18:12,715 INFO org.apache.hadoop.yarn.event.AsyncDispatcher: Registering class org.apache.hadoop.yarn.server.resourcemanager.NodesListManagerEventType for class org.apache.hadoop.yarn.server.resourcemanager.NodesListManager
2019-02-24 08:18:12,715 INFO org.apache.hadoop.yarn.server.resourcemanager.ResourceManager: Using Scheduler: org.apache.hadoop.yarn.server.resourcemanager.scheduler.capacity.CapacityScheduler
2019-02-24 08:18:12,725 INFO org.apache.hadoop.yarn.event.AsyncDispatcher: Registering class org.apache.hadoop.yarn.server.resourcemanager.scheduler.event.SchedulerEventType for class org.apache.hadoop.yarn.server.resourcemanager.ResourceManager$SchedulerEventDispatcher
2019-02-24 08:18:12,726 INFO org.apache.hadoop.yarn.event.AsyncDispatcher: Registering class org.apache.hadoop.yarn.server.resourcemanager.rmapp.RMAppEventType for class org.apache.hadoop.yarn.server.resourcemanager.ResourceManager$ApplicationEventDispatcher
2019-02-24 08:18:12,726 INFO org.apache.hadoop.yarn.event.AsyncDispatcher: Registering class org.apache.hadoop.yarn.server.resourcemanager.rmapp.attempt.RMAppAttemptEventType for class org.apache.hadoop.yarn.server.resourcemanager.ResourceManager$ApplicationAttemptEventDispatcher
2019-02-24 08:18:12,745 INFO org.apache.hadoop.yarn.event.AsyncDispatcher: Registering class org.apache.hadoop.yarn.server.resourcemanager.rmnode.RMNodeEventType for class org.apache.hadoop.yarn.server.resourcemanager.ResourceManager$NodeEventDispatcher
2019-02-24 08:18:12,801 INFO org.apache.hadoop.metrics2.impl.MetricsConfig: loaded properties from hadoop-metrics2.properties
2019-02-24 08:18:12,849 INFO org.apache.hadoop.metrics2.impl.MetricsSystemImpl: Scheduled snapshot period at 10 second(s).
2019-02-24 08:18:12,849 INFO org.apache.hadoop.metrics2.impl.MetricsSystemImpl: ResourceManager metrics system started
2019-02-24 08:18:12,864 INFO org.apache.hadoop.yarn.event.AsyncDispatcher: Registering class org.apache.hadoop.yarn.server.resourcemanager.RMAppManagerEventType for class org.apache.hadoop.yarn.server.resourcemanager.RMAppManager
2019-02-24 08:18:12,871 INFO org.apache.hadoop.yarn.event.AsyncDispatcher: Registering class org.apache.hadoop.yarn.server.resourcemanager.amlauncher.AMLauncherEventType for class org.apache.hadoop.yarn.server.resourcemanager.amlauncher.ApplicationMasterLauncher
2019-02-24 08:18:12,874 INFO org.apache.hadoop.yarn.server.resourcemanager.RMNMInfo: Registered RMNMInfo MBean
2019-02-24 08:18:12,876 INFO org.apache.hadoop.yarn.security.YarnAuthorizationProvider: org.apache.hadoop.yarn.security.ConfiguredYarnAuthorizer is instiantiated.
2019-02-24 08:18:12,877 INFO org.apache.hadoop.util.HostsFileReader: Refreshing hosts (include/exclude) list
2019-02-24 08:18:12,879 INFO org.apache.hadoop.conf.Configuration: found resource capacity-scheduler.xml at file:/opt/hadoop-2.7.3/etc/hadoop/capacity-scheduler.xml
2019-02-24 08:18:12,924 INFO org.apache.hadoop.yarn.server.resourcemanager.scheduler.capacity.CapacitySchedulerConfiguration: max alloc mb per queue for root is undefined
2019-02-24 08:18:12,924 INFO org.apache.hadoop.yarn.server.resourcemanager.scheduler.capacity.CapacitySchedulerConfiguration: max alloc vcore per queue for root is undefined
2019-02-24 08:18:12,927 INFO org.apache.hadoop.yarn.server.resourcemanager.scheduler.capacity.ParentQueue: root, capacity=1.0, asboluteCapacity=1.0, maxCapacity=1.0, asboluteMaxCapacity=1.0, state=RUNNING, acls=SUBMIT_APP:*ADMINISTER_QUEUE:*, labels=*,
, reservationsContinueLooking=true
2019-02-24 08:18:12,927 INFO org.apache.hadoop.yarn.server.resourcemanager.scheduler.capacity.ParentQueue: Initialized parent-queue root name=root, fullname=root
2019-02-24 08:18:12,936 INFO org.apache.hadoop.yarn.server.resourcemanager.scheduler.capacity.CapacitySchedulerConfiguration: max alloc mb per queue for root.default is undefined
2019-02-24 08:18:12,936 INFO org.apache.hadoop.yarn.server.resourcemanager.scheduler.capacity.CapacitySchedulerConfiguration: max alloc vcore per queue for root.default is undefined
2019-02-24 08:18:12,938 INFO org.apache.hadoop.yarn.server.resourcemanager.scheduler.capacity.LeafQueue: Initializing default
capacity = 1.0 [= (float) configuredCapacity / 100 ]
asboluteCapacity = 1.0 [= parentAbsoluteCapacity * capacity ]
maxCapacity = 1.0 [= configuredMaxCapacity ]
absoluteMaxCapacity = 1.0 [= 1.0 maximumCapacity undefined, (parentAbsoluteMaxCapacity * maximumCapacity) / 100 otherwise ]
userLimit = 100 [= configuredUserLimit ]
userLimitFactor = 1.0 [= configuredUserLimitFactor ]
maxApplications = 10000 [= configuredMaximumSystemApplicationsPerQueue or (int)(configuredMaximumSystemApplications * absoluteCapacity)]
maxApplicationsPerUser = 10000 [= (int)(maxApplications * (userLimit / 100.0f) * userLimitFactor) ]
usedCapacity = 0.0 [= usedResourcesMemory / (clusterResourceMemory * absoluteCapacity)]
absoluteUsedCapacity = 0.0 [= usedResourcesMemory / clusterResourceMemory]
maxAMResourcePerQueuePercent = 0.1 [= configuredMaximumAMResourcePercent ]
minimumAllocationFactor = 0.875 [= (float)(maximumAllocationMemory - minimumAllocationMemory) / maximumAllocationMemory ]
maximumAllocation = <memory:8192, vCores:32> [= configuredMaxAllocation ]
numContainers = 0 [= currentNumContainers ]
state = RUNNING [= configuredState ]
acls = SUBMIT_APP:*ADMINISTER_QUEUE:* [= configuredAcls ]
nodeLocalityDelay = 40
labels=*,
nodeLocalityDelay = 40
reservationsContinueLooking = true
preemptionDisabled = true

2019-02-24 08:18:12,938 INFO org.apache.hadoop.yarn.server.resourcemanager.scheduler.capacity.CapacityScheduler: Initialized queue: default: capacity=1.0, absoluteCapacity=1.0, usedResources=<memory:0, vCores:0>, usedCapacity=0.0, absoluteUsedCapacity=0.0, numApps=0, numContainers=0
2019-02-24 08:18:12,938 INFO org.apache.hadoop.yarn.server.resourcemanager.scheduler.capacity.CapacityScheduler: Initialized queue: root: numChildQueue= 1, capacity=1.0, absoluteCapacity=1.0, usedResources=<memory:0, vCores:0>usedCapacity=0.0, numApps=0, numContainers=0
2019-02-24 08:18:12,939 INFO org.apache.hadoop.yarn.server.resourcemanager.scheduler.capacity.CapacityScheduler: Initialized root queue root: numChildQueue= 1, capacity=1.0, absoluteCapacity=1.0, usedResources=<memory:0, vCores:0>usedCapacity=0.0, numApps=0, numContainers=0
2019-02-24 08:18:12,939 INFO org.apache.hadoop.yarn.server.resourcemanager.scheduler.capacity.CapacityScheduler: Initialized queue mappings, override: false
2019-02-24 08:18:12,939 INFO org.apache.hadoop.yarn.server.resourcemanager.scheduler.capacity.CapacityScheduler: Initialized CapacityScheduler with calculator=class org.apache.hadoop.yarn.util.resource.DefaultResourceCalculator, minimumAllocation=<<memory:1024, vCores:1>>, maximumAllocation=<<memory:8192, vCores:32>>, asynchronousScheduling=false, asyncScheduleInterval=5ms
2019-02-24 08:18:12,951 INFO org.apache.hadoop.yarn.server.resourcemanager.metrics.SystemMetricsPublisher: YARN system metrics publishing service is not enabled
2019-02-24 08:18:12,951 INFO org.apache.hadoop.yarn.server.resourcemanager.ResourceManager: Transitioning to active state
2019-02-24 08:18:12,966 INFO org.apache.hadoop.yarn.server.resourcemanager.recovery.RMStateStore: Updating AMRMToken
2019-02-24 08:18:12,966 INFO org.apache.hadoop.yarn.server.resourcemanager.security.RMContainerTokenSecretManager: Rolling master-key for container-tokens
2019-02-24 08:18:12,966 INFO org.apache.hadoop.yarn.server.resourcemanager.security.NMTokenSecretManagerInRM: Rolling master-key for nm-tokens
2019-02-24 08:18:12,967 INFO org.apache.hadoop.security.token.delegation.AbstractDelegationTokenSecretManager: Updating the current master key for generating delegation tokens
2019-02-24 08:18:12,967 INFO org.apache.hadoop.yarn.server.resourcemanager.security.RMDelegationTokenSecretManager: storing master key with keyID 1
2019-02-24 08:18:12,968 INFO org.apache.hadoop.yarn.server.resourcemanager.recovery.RMStateStore: Storing RMDTMasterKey.
2019-02-24 08:18:12,970 INFO org.apache.hadoop.security.token.delegation.AbstractDelegationTokenSecretManager: Starting expired delegation token remover thread, tokenRemoverScanInterval=60 min(s)
2019-02-24 08:18:12,970 INFO org.apache.hadoop.security.token.delegation.AbstractDelegationTokenSecretManager: Updating the current master key for generating delegation tokens
2019-02-24 08:18:12,970 INFO org.apache.hadoop.yarn.server.resourcemanager.security.RMDelegationTokenSecretManager: storing master key with keyID 2
2019-02-24 08:18:12,970 INFO org.apache.hadoop.yarn.server.resourcemanager.recovery.RMStateStore: Storing RMDTMasterKey.
2019-02-24 08:18:12,972 INFO org.apache.hadoop.yarn.event.AsyncDispatcher: Registering class org.apache.hadoop.yarn.nodelabels.event.NodeLabelsStoreEventType for class org.apache.hadoop.yarn.nodelabels.CommonNodeLabelsManager$ForwardingEventHandler
2019-02-24 08:18:13,000 INFO org.apache.hadoop.ipc.CallQueueManager: Using callQueue class java.util.concurrent.LinkedBlockingQueue
2019-02-24 08:18:13,014 INFO org.apache.hadoop.ipc.Server: Starting Socket Reader #1 for port 8031
2019-02-24 08:18:13,029 INFO org.apache.hadoop.yarn.factories.impl.pb.RpcServerFactoryPBImpl: Adding protocol org.apache.hadoop.yarn.server.api.ResourceTrackerPB to the server
2019-02-24 08:18:13,030 INFO org.apache.hadoop.ipc.Server: IPC Server Responder: starting
2019-02-24 08:18:13,031 INFO org.apache.hadoop.ipc.Server: IPC Server listener on 8031: starting
2019-02-24 08:18:13,104 INFO org.apache.hadoop.ipc.CallQueueManager: Using callQueue class java.util.concurrent.LinkedBlockingQueue
2019-02-24 08:18:13,112 INFO org.apache.hadoop.ipc.Server: Starting Socket Reader #1 for port 8030
2019-02-24 08:18:13,121 INFO org.apache.hadoop.yarn.factories.impl.pb.RpcServerFactoryPBImpl: Adding protocol org.apache.hadoop.yarn.api.ApplicationMasterProtocolPB to the server
2019-02-24 08:18:13,122 INFO org.apache.hadoop.ipc.Server: IPC Server Responder: starting
2019-02-24 08:18:13,123 INFO org.apache.hadoop.ipc.Server: IPC Server listener on 8030: starting
2019-02-24 08:18:13,194 INFO org.apache.hadoop.ipc.CallQueueManager: Using callQueue class java.util.concurrent.LinkedBlockingQueue
2019-02-24 08:18:13,195 INFO org.apache.hadoop.ipc.Server: Starting Socket Reader #1 for port 8032
2019-02-24 08:18:13,198 INFO org.apache.hadoop.yarn.factories.impl.pb.RpcServerFactoryPBImpl: Adding protocol org.apache.hadoop.yarn.api.ApplicationClientProtocolPB to the server
2019-02-24 08:18:13,200 INFO org.apache.hadoop.ipc.Server: IPC Server Responder: starting
2019-02-24 08:18:13,205 INFO org.apache.hadoop.ipc.Server: IPC Server listener on 8032: starting
2019-02-24 08:18:13,228 INFO org.apache.hadoop.yarn.server.resourcemanager.ResourceManager: Transitioned to active state
2019-02-24 08:18:13,328 INFO org.mortbay.log: Logging to org.slf4j.impl.Log4jLoggerAdapter(org.mortbay.log) via org.mortbay.log.Slf4jLog
2019-02-24 08:18:13,340 INFO org.apache.hadoop.security.authentication.server.AuthenticationFilter: Unable to initialize FileSignerSecretProvider, falling back to use random secrets.
2019-02-24 08:18:13,350 INFO org.apache.hadoop.http.HttpRequestLog: Http request log for http.requests.resourcemanager is not defined
2019-02-24 08:18:13,362 INFO org.apache.hadoop.http.HttpServer2: Added global filter 'safety' (class=org.apache.hadoop.http.HttpServer2$QuotingInputFilter)
2019-02-24 08:18:13,367 INFO org.apache.hadoop.http.HttpServer2: Added filter RMAuthenticationFilter (class=org.apache.hadoop.yarn.server.security.http.RMAuthenticationFilter) to context cluster
2019-02-24 08:18:13,367 INFO org.apache.hadoop.http.HttpServer2: Added filter RMAuthenticationFilter (class=org.apache.hadoop.yarn.server.security.http.RMAuthenticationFilter) to context static
2019-02-24 08:18:13,368 INFO org.apache.hadoop.http.HttpServer2: Added filter RMAuthenticationFilter (class=org.apache.hadoop.yarn.server.security.http.RMAuthenticationFilter) to context logs
2019-02-24 08:18:13,368 INFO org.apache.hadoop.http.HttpServer2: Added filter static_user_filter (class=org.apache.hadoop.http.lib.StaticUserWebFilter$StaticUserFilter) to context cluster
2019-02-24 08:18:13,368 INFO org.apache.hadoop.http.HttpServer2: Added filter static_user_filter (class=org.apache.hadoop.http.lib.StaticUserWebFilter$StaticUserFilter) to context static
2019-02-24 08:18:13,368 INFO org.apache.hadoop.http.HttpServer2: Added filter static_user_filter (class=org.apache.hadoop.http.lib.StaticUserWebFilter$StaticUserFilter) to context logs
2019-02-24 08:18:13,373 INFO org.apache.hadoop.http.HttpServer2: adding path spec: /cluster/*
2019-02-24 08:18:13,373 INFO org.apache.hadoop.http.HttpServer2: adding path spec: /ws/*
2019-02-24 08:18:13,987 INFO org.apache.hadoop.yarn.webapp.WebApps: Registered webapp guice modules
2019-02-24 08:18:13,991 INFO org.apache.hadoop.http.HttpServer2: Jetty bound to port 8088
2019-02-24 08:18:13,991 INFO org.mortbay.log: jetty-6.1.26
2019-02-24 08:18:14,035 INFO org.mortbay.log: Extract jar:file:/opt/hadoop-2.7.3/share/hadoop/yarn/hadoop-yarn-common-2.7.3.jar!/webapps/cluster to /tmp/Jetty_master_8088_cluster____i4ls4w/webapp
2019-02-24 08:18:14,259 INFO org.apache.hadoop.security.token.delegation.AbstractDelegationTokenSecretManager: Updating the current master key for generating delegation tokens
2019-02-24 08:18:14,260 INFO org.apache.hadoop.security.token.delegation.AbstractDelegationTokenSecretManager: Starting expired delegation token remover thread, tokenRemoverScanInterval=60 min(s)
2019-02-24 08:18:14,260 INFO org.apache.hadoop.security.token.delegation.AbstractDelegationTokenSecretManager: Updating the current master key for generating delegation tokens
2019-02-24 08:18:15,472 INFO org.mortbay.log: Started HttpServer2$SelectChannelConnectorWithSafeStartup@master:8088
2019-02-24 08:18:15,473 INFO org.apache.hadoop.yarn.webapp.WebApps: Web app cluster started at 8088
2019-02-24 08:18:15,505 INFO org.apache.hadoop.ipc.CallQueueManager: Using callQueue class java.util.concurrent.LinkedBlockingQueue
2019-02-24 08:18:15,506 INFO org.apache.hadoop.ipc.Server: Starting Socket Reader #1 for port 8033
2019-02-24 08:18:15,508 INFO org.apache.hadoop.yarn.factories.impl.pb.RpcServerFactoryPBImpl: Adding protocol org.apache.hadoop.yarn.server.api.ResourceManagerAdministrationProtocolPB to the server
2019-02-24 08:18:15,513 INFO org.apache.hadoop.ipc.Server: IPC Server Responder: starting
2019-02-24 08:18:15,514 INFO org.apache.hadoop.ipc.Server: IPC Server listener on 8033: starting
2019-02-24 08:18:17,309 INFO org.apache.hadoop.yarn.util.RackResolver: Resolved slaver3 to /default-rack
2019-02-24 08:18:17,312 INFO org.apache.hadoop.yarn.server.resourcemanager.ResourceTrackerService: NodeManager from node slaver3(cmPort: 8034 httpPort: 8042) registered with capability: <memory:8192, vCores:8>, assigned nodeId slaver3:8034
2019-02-24 08:18:17,316 INFO org.apache.hadoop.yarn.server.resourcemanager.rmnode.RMNodeImpl: slaver3:8034 Node Transitioned from NEW to RUNNING
2019-02-24 08:18:17,320 INFO org.apache.hadoop.yarn.server.resourcemanager.scheduler.capacity.CapacityScheduler: Added node slaver3:8034 clusterResource: <memory:8192, vCores:8>
2019-02-24 08:18:17,368 INFO org.apache.hadoop.yarn.util.RackResolver: Resolved slaver2 to /default-rack
2019-02-24 08:18:17,368 INFO org.apache.hadoop.yarn.server.resourcemanager.rmnode.RMNodeImpl: slaver2:8034 Node Transitioned from NEW to RUNNING
2019-02-24 08:18:17,369 INFO org.apache.hadoop.yarn.server.resourcemanager.scheduler.capacity.CapacityScheduler: Added node slaver2:8034 clusterResource: <memory:16384, vCores:16>
2019-02-24 08:18:17,370 INFO org.apache.hadoop.yarn.server.resourcemanager.ResourceTrackerService: NodeManager from node slaver2(cmPort: 8034 httpPort: 8042) registered with capability: <memory:8192, vCores:8>, assigned nodeId slaver2:8034
2019-02-24 08:18:17,484 INFO org.apache.hadoop.yarn.util.RackResolver: Resolved slaver1 to /default-rack
2019-02-24 08:18:17,485 INFO org.apache.hadoop.yarn.server.resourcemanager.ResourceTrackerService: NodeManager from node slaver1(cmPort: 8034 httpPort: 8042) registered with capability: <memory:8192, vCores:8>, assigned nodeId slaver1:8034
2019-02-24 08:18:17,485 INFO org.apache.hadoop.yarn.server.resourcemanager.rmnode.RMNodeImpl: slaver1:8034 Node Transitioned from NEW to RUNNING
2019-02-24 08:18:17,485 INFO org.apache.hadoop.yarn.server.resourcemanager.scheduler.capacity.CapacityScheduler: Added node slaver1:8034 clusterResource: <memory:24576, vCores:24>
2019-02-24 08:28:12,880 INFO org.apache.hadoop.yarn.server.resourcemanager.scheduler.AbstractYarnScheduler: Release request cache is cleaned up
2019-02-24 09:08:03,538 ERROR org.apache.hadoop.yarn.server.resourcemanager.ResourceManager: RECEIVED SIGNAL 15: SIGTERM
2019-02-24 09:08:03,544 ERROR org.apache.hadoop.security.token.delegation.AbstractDelegationTokenSecretManager: ExpiredTokenRemover received java.lang.InterruptedException: sleep interrupted
2019-02-24 09:08:03,545 INFO org.mortbay.log: Stopped HttpServer2$SelectChannelConnectorWithSafeStartup@master:8088
2019-02-24 09:08:03,546 INFO org.apache.hadoop.ipc.Server: Stopping server on 8032
2019-02-24 09:08:03,549 INFO org.apache.hadoop.ipc.Server: Stopping server on 8033
2019-02-24 09:08:03,549 INFO org.apache.hadoop.ipc.Server: Stopping IPC Server Responder
2019-02-24 09:08:03,549 INFO org.apache.hadoop.ipc.Server: Stopping IPC Server listener on 8032
2019-02-24 09:08:03,550 INFO org.apache.hadoop.ipc.Server: Stopping IPC Server listener on 8033
2019-02-24 09:08:03,552 INFO org.apache.hadoop.yarn.server.resourcemanager.ResourceManager: Transitioning to standby state
2019-02-24 09:08:03,552 INFO org.apache.hadoop.ipc.Server: Stopping IPC Server Responder
2019-02-24 09:08:03,552 WARN org.apache.hadoop.yarn.server.resourcemanager.amlauncher.ApplicationMasterLauncher: org.apache.hadoop.yarn.server.resourcemanager.amlauncher.ApplicationMasterLauncher$LauncherThread interrupted. Returning.
2019-02-24 09:08:03,554 INFO org.apache.hadoop.ipc.Server: Stopping server on 8030
2019-02-24 09:08:03,557 INFO org.apache.hadoop.ipc.Server: Stopping server on 8031
2019-02-24 09:08:03,558 INFO org.apache.hadoop.ipc.Server: Stopping IPC Server listener on 8030
2019-02-24 09:08:03,558 INFO org.apache.hadoop.ipc.Server: Stopping IPC Server Responder
2019-02-24 09:08:03,562 INFO org.apache.hadoop.ipc.Server: Stopping IPC Server listener on 8031
2019-02-24 09:08:03,563 INFO org.apache.hadoop.ipc.Server: Stopping IPC Server Responder
2019-02-24 09:08:03,563 INFO org.apache.hadoop.yarn.util.AbstractLivelinessMonitor: NMLivelinessMonitor thread interrupted
2019-02-24 09:08:03,563 ERROR org.apache.hadoop.yarn.server.resourcemanager.ResourceManager: Returning, interrupted : java.lang.InterruptedException
2019-02-24 09:08:03,565 INFO org.apache.hadoop.yarn.event.AsyncDispatcher: AsyncDispatcher is draining to stop, igonring any new events.
2019-02-24 09:08:03,565 INFO org.apache.hadoop.yarn.util.AbstractLivelinessMonitor: AMLivelinessMonitor thread interrupted
2019-02-24 09:08:03,566 INFO org.apache.hadoop.yarn.util.AbstractLivelinessMonitor: AMLivelinessMonitor thread interrupted
2019-02-24 09:08:03,566 INFO org.apache.hadoop.yarn.util.AbstractLivelinessMonitor: org.apache.hadoop.yarn.server.resourcemanager.rmcontainer.ContainerAllocationExpirer thread interrupted
2019-02-24 09:08:03,566 ERROR org.apache.hadoop.security.token.delegation.AbstractDelegationTokenSecretManager: ExpiredTokenRemover received java.lang.InterruptedException: sleep interrupted
2019-02-24 09:08:03,566 INFO org.apache.hadoop.metrics2.impl.MetricsSystemImpl: Stopping ResourceManager metrics system...
2019-02-24 09:08:03,568 INFO org.apache.hadoop.metrics2.impl.MetricsSystemImpl: ResourceManager metrics system stopped.
2019-02-24 09:08:03,568 INFO org.apache.hadoop.metrics2.impl.MetricsSystemImpl: ResourceManager metrics system shutdown complete.
2019-02-24 09:08:03,568 INFO org.apache.hadoop.yarn.event.AsyncDispatcher: AsyncDispatcher is draining to stop, igonring any new events.
2019-02-24 09:08:03,568 INFO org.apache.hadoop.yarn.server.resourcemanager.ResourceManager: Transitioned to standby state
2019-02-24 09:08:03,568 INFO org.apache.hadoop.yarn.server.resourcemanager.ResourceManager: SHUTDOWN_MSG: 
/************************************************************
SHUTDOWN_MSG: Shutting down ResourceManager at master/192.168.33.132
************************************************************/
