2019-02-24 08:16:31,904 [myid:] - INFO  [main:QuorumPeerConfig@124] - Reading configuration from: /opt/zookeeper/bin/../conf/zoo.cfg
2019-02-24 08:16:31,913 [myid:] - INFO  [main:QuorumPeer$QuorumServer@149] - Resolved hostname: slaver2 to address: slaver2/192.168.33.134
2019-02-24 08:16:31,914 [myid:] - INFO  [main:QuorumPeer$QuorumServer@149] - Resolved hostname: slaver1 to address: slaver1/192.168.33.133
2019-02-24 08:16:31,914 [myid:] - INFO  [main:QuorumPeer$QuorumServer@149] - Resolved hostname: master to address: master/192.168.33.132
2019-02-24 08:16:31,914 [myid:] - INFO  [main:QuorumPeer$QuorumServer@149] - Resolved hostname: slaver3 to address: slaver3/192.168.33.135
2019-02-24 08:16:31,914 [myid:] - WARN  [main:QuorumPeerConfig@308] - Non-optimial configuration, consider an odd number of servers.
2019-02-24 08:16:31,914 [myid:] - INFO  [main:QuorumPeerConfig@352] - Defaulting to majority quorums
2019-02-24 08:16:31,916 [myid:1] - INFO  [main:DatadirCleanupManager@78] - autopurge.snapRetainCount set to 3
2019-02-24 08:16:31,916 [myid:1] - INFO  [main:DatadirCleanupManager@79] - autopurge.purgeInterval set to 0
2019-02-24 08:16:31,916 [myid:1] - INFO  [main:DatadirCleanupManager@101] - Purge task is not scheduled.
2019-02-24 08:16:31,924 [myid:1] - INFO  [main:QuorumPeerMain@127] - Starting quorum peer
2019-02-24 08:16:31,931 [myid:1] - INFO  [main:NIOServerCnxnFactory@89] - binding to port 0.0.0.0/0.0.0.0:2181
2019-02-24 08:16:31,936 [myid:1] - INFO  [main:QuorumPeer@1019] - tickTime set to 2000
2019-02-24 08:16:31,936 [myid:1] - INFO  [main:QuorumPeer@1039] - minSessionTimeout set to -1
2019-02-24 08:16:31,936 [myid:1] - INFO  [main:QuorumPeer@1050] - maxSessionTimeout set to -1
2019-02-24 08:16:31,936 [myid:1] - INFO  [main:QuorumPeer@1065] - initLimit set to 10
2019-02-24 08:16:31,943 [myid:1] - INFO  [main:FileSnap@83] - Reading snapshot /opt/zookeeper/version-2/snapshot.0
2019-02-24 08:16:31,959 [myid:1] - INFO  [ListenerThread:QuorumCnxManager$Listener@534] - My election bind port: master/192.168.33.132:3888
2019-02-24 08:16:31,965 [myid:1] - INFO  [QuorumPeer[myid=1]/0:0:0:0:0:0:0:0:2181:QuorumPeer@774] - LOOKING
2019-02-24 08:16:31,966 [myid:1] - INFO  [QuorumPeer[myid=1]/0:0:0:0:0:0:0:0:2181:FastLeaderElection@818] - New election. My id =  1, proposed zxid=0x10000001d
2019-02-24 08:16:31,969 [myid:1] - INFO  [WorkerReceiver[myid=1]:FastLeaderElection@600] - Notification: 1 (message format version), 1 (n.leader), 0x10000001d (n.zxid), 0x1 (n.round), LOOKING (n.state), 1 (n.sid), 0x1 (n.peerEpoch) LOOKING (my state)
2019-02-24 08:16:31,969 [myid:1] - WARN  [WorkerSender[myid=1]:QuorumCnxManager@400] - Cannot open channel to 2 at election address slaver1/192.168.33.133:3888
java.net.ConnectException: Connection refused (Connection refused)
	at java.net.PlainSocketImpl.socketConnect(Native Method)
	at java.net.AbstractPlainSocketImpl.doConnect(AbstractPlainSocketImpl.java:350)
	at java.net.AbstractPlainSocketImpl.connectToAddress(AbstractPlainSocketImpl.java:206)
	at java.net.AbstractPlainSocketImpl.connect(AbstractPlainSocketImpl.java:188)
	at java.net.SocksSocketImpl.connect(SocksSocketImpl.java:392)
	at java.net.Socket.connect(Socket.java:589)
	at org.apache.zookeeper.server.quorum.QuorumCnxManager.connectOne(QuorumCnxManager.java:381)
	at org.apache.zookeeper.server.quorum.QuorumCnxManager.toSend(QuorumCnxManager.java:354)
	at org.apache.zookeeper.server.quorum.FastLeaderElection$Messenger$WorkerSender.process(FastLeaderElection.java:452)
	at org.apache.zookeeper.server.quorum.FastLeaderElection$Messenger$WorkerSender.run(FastLeaderElection.java:433)
	at java.lang.Thread.run(Thread.java:748)
2019-02-24 08:16:31,970 [myid:1] - INFO  [WorkerSender[myid=1]:QuorumPeer$QuorumServer@149] - Resolved hostname: slaver1 to address: slaver1/192.168.33.133
2019-02-24 08:16:31,971 [myid:1] - WARN  [WorkerSender[myid=1]:QuorumCnxManager@400] - Cannot open channel to 3 at election address slaver2/192.168.33.134:3888
java.net.ConnectException: Connection refused (Connection refused)
	at java.net.PlainSocketImpl.socketConnect(Native Method)
	at java.net.AbstractPlainSocketImpl.doConnect(AbstractPlainSocketImpl.java:350)
	at java.net.AbstractPlainSocketImpl.connectToAddress(AbstractPlainSocketImpl.java:206)
	at java.net.AbstractPlainSocketImpl.connect(AbstractPlainSocketImpl.java:188)
	at java.net.SocksSocketImpl.connect(SocksSocketImpl.java:392)
	at java.net.Socket.connect(Socket.java:589)
	at org.apache.zookeeper.server.quorum.QuorumCnxManager.connectOne(QuorumCnxManager.java:381)
	at org.apache.zookeeper.server.quorum.QuorumCnxManager.toSend(QuorumCnxManager.java:354)
	at org.apache.zookeeper.server.quorum.FastLeaderElection$Messenger$WorkerSender.process(FastLeaderElection.java:452)
	at org.apache.zookeeper.server.quorum.FastLeaderElection$Messenger$WorkerSender.run(FastLeaderElection.java:433)
	at java.lang.Thread.run(Thread.java:748)
2019-02-24 08:16:31,972 [myid:1] - INFO  [WorkerSender[myid=1]:QuorumPeer$QuorumServer@149] - Resolved hostname: slaver2 to address: slaver2/192.168.33.134
2019-02-24 08:16:31,973 [myid:1] - WARN  [WorkerSender[myid=1]:QuorumCnxManager@400] - Cannot open channel to 4 at election address slaver3/192.168.33.135:3888
java.net.ConnectException: Connection refused (Connection refused)
	at java.net.PlainSocketImpl.socketConnect(Native Method)
	at java.net.AbstractPlainSocketImpl.doConnect(AbstractPlainSocketImpl.java:350)
	at java.net.AbstractPlainSocketImpl.connectToAddress(AbstractPlainSocketImpl.java:206)
	at java.net.AbstractPlainSocketImpl.connect(AbstractPlainSocketImpl.java:188)
	at java.net.SocksSocketImpl.connect(SocksSocketImpl.java:392)
	at java.net.Socket.connect(Socket.java:589)
	at org.apache.zookeeper.server.quorum.QuorumCnxManager.connectOne(QuorumCnxManager.java:381)
	at org.apache.zookeeper.server.quorum.QuorumCnxManager.toSend(QuorumCnxManager.java:354)
	at org.apache.zookeeper.server.quorum.FastLeaderElection$Messenger$WorkerSender.process(FastLeaderElection.java:452)
	at org.apache.zookeeper.server.quorum.FastLeaderElection$Messenger$WorkerSender.run(FastLeaderElection.java:433)
	at java.lang.Thread.run(Thread.java:748)
2019-02-24 08:16:31,973 [myid:1] - INFO  [WorkerSender[myid=1]:QuorumPeer$QuorumServer@149] - Resolved hostname: slaver3 to address: slaver3/192.168.33.135
2019-02-24 08:16:32,173 [myid:1] - WARN  [QuorumPeer[myid=1]/0:0:0:0:0:0:0:0:2181:QuorumCnxManager@400] - Cannot open channel to 2 at election address slaver1/192.168.33.133:3888
java.net.ConnectException: Connection refused (Connection refused)
	at java.net.PlainSocketImpl.socketConnect(Native Method)
	at java.net.AbstractPlainSocketImpl.doConnect(AbstractPlainSocketImpl.java:350)
	at java.net.AbstractPlainSocketImpl.connectToAddress(AbstractPlainSocketImpl.java:206)
	at java.net.AbstractPlainSocketImpl.connect(AbstractPlainSocketImpl.java:188)
	at java.net.SocksSocketImpl.connect(SocksSocketImpl.java:392)
	at java.net.Socket.connect(Socket.java:589)
	at org.apache.zookeeper.server.quorum.QuorumCnxManager.connectOne(QuorumCnxManager.java:381)
	at org.apache.zookeeper.server.quorum.QuorumCnxManager.connectAll(QuorumCnxManager.java:426)
	at org.apache.zookeeper.server.quorum.FastLeaderElection.lookForLeader(FastLeaderElection.java:843)
	at org.apache.zookeeper.server.quorum.QuorumPeer.run(QuorumPeer.java:822)
2019-02-24 08:16:32,175 [myid:1] - INFO  [QuorumPeer[myid=1]/0:0:0:0:0:0:0:0:2181:QuorumPeer$QuorumServer@149] - Resolved hostname: slaver1 to address: slaver1/192.168.33.133
2019-02-24 08:16:32,179 [myid:1] - WARN  [QuorumPeer[myid=1]/0:0:0:0:0:0:0:0:2181:QuorumCnxManager@400] - Cannot open channel to 3 at election address slaver2/192.168.33.134:3888
java.net.ConnectException: Connection refused (Connection refused)
	at java.net.PlainSocketImpl.socketConnect(Native Method)
	at java.net.AbstractPlainSocketImpl.doConnect(AbstractPlainSocketImpl.java:350)
	at java.net.AbstractPlainSocketImpl.connectToAddress(AbstractPlainSocketImpl.java:206)
	at java.net.AbstractPlainSocketImpl.connect(AbstractPlainSocketImpl.java:188)
	at java.net.SocksSocketImpl.connect(SocksSocketImpl.java:392)
	at java.net.Socket.connect(Socket.java:589)
	at org.apache.zookeeper.server.quorum.QuorumCnxManager.connectOne(QuorumCnxManager.java:381)
	at org.apache.zookeeper.server.quorum.QuorumCnxManager.connectAll(QuorumCnxManager.java:426)
	at org.apache.zookeeper.server.quorum.FastLeaderElection.lookForLeader(FastLeaderElection.java:843)
	at org.apache.zookeeper.server.quorum.QuorumPeer.run(QuorumPeer.java:822)
2019-02-24 08:16:32,180 [myid:1] - INFO  [QuorumPeer[myid=1]/0:0:0:0:0:0:0:0:2181:QuorumPeer$QuorumServer@149] - Resolved hostname: slaver2 to address: slaver2/192.168.33.134
2019-02-24 08:16:32,182 [myid:1] - WARN  [QuorumPeer[myid=1]/0:0:0:0:0:0:0:0:2181:QuorumCnxManager@400] - Cannot open channel to 4 at election address slaver3/192.168.33.135:3888
java.net.ConnectException: Connection refused (Connection refused)
	at java.net.PlainSocketImpl.socketConnect(Native Method)
	at java.net.AbstractPlainSocketImpl.doConnect(AbstractPlainSocketImpl.java:350)
	at java.net.AbstractPlainSocketImpl.connectToAddress(AbstractPlainSocketImpl.java:206)
	at java.net.AbstractPlainSocketImpl.connect(AbstractPlainSocketImpl.java:188)
	at java.net.SocksSocketImpl.connect(SocksSocketImpl.java:392)
	at java.net.Socket.connect(Socket.java:589)
	at org.apache.zookeeper.server.quorum.QuorumCnxManager.connectOne(QuorumCnxManager.java:381)
	at org.apache.zookeeper.server.quorum.QuorumCnxManager.connectAll(QuorumCnxManager.java:426)
	at org.apache.zookeeper.server.quorum.FastLeaderElection.lookForLeader(FastLeaderElection.java:843)
	at org.apache.zookeeper.server.quorum.QuorumPeer.run(QuorumPeer.java:822)
2019-02-24 08:16:32,184 [myid:1] - INFO  [QuorumPeer[myid=1]/0:0:0:0:0:0:0:0:2181:QuorumPeer$QuorumServer@149] - Resolved hostname: slaver3 to address: slaver3/192.168.33.135
2019-02-24 08:16:32,184 [myid:1] - INFO  [QuorumPeer[myid=1]/0:0:0:0:0:0:0:0:2181:FastLeaderElection@852] - Notification time out: 400
2019-02-24 08:16:32,586 [myid:1] - WARN  [QuorumPeer[myid=1]/0:0:0:0:0:0:0:0:2181:QuorumCnxManager@400] - Cannot open channel to 2 at election address slaver1/192.168.33.133:3888
java.net.ConnectException: Connection refused (Connection refused)
	at java.net.PlainSocketImpl.socketConnect(Native Method)
	at java.net.AbstractPlainSocketImpl.doConnect(AbstractPlainSocketImpl.java:350)
	at java.net.AbstractPlainSocketImpl.connectToAddress(AbstractPlainSocketImpl.java:206)
	at java.net.AbstractPlainSocketImpl.connect(AbstractPlainSocketImpl.java:188)
	at java.net.SocksSocketImpl.connect(SocksSocketImpl.java:392)
	at java.net.Socket.connect(Socket.java:589)
	at org.apache.zookeeper.server.quorum.QuorumCnxManager.connectOne(QuorumCnxManager.java:381)
	at org.apache.zookeeper.server.quorum.QuorumCnxManager.connectAll(QuorumCnxManager.java:426)
	at org.apache.zookeeper.server.quorum.FastLeaderElection.lookForLeader(FastLeaderElection.java:843)
	at org.apache.zookeeper.server.quorum.QuorumPeer.run(QuorumPeer.java:822)
2019-02-24 08:16:32,587 [myid:1] - INFO  [QuorumPeer[myid=1]/0:0:0:0:0:0:0:0:2181:QuorumPeer$QuorumServer@149] - Resolved hostname: slaver1 to address: slaver1/192.168.33.133
2019-02-24 08:16:32,587 [myid:1] - WARN  [QuorumPeer[myid=1]/0:0:0:0:0:0:0:0:2181:QuorumCnxManager@400] - Cannot open channel to 3 at election address slaver2/192.168.33.134:3888
java.net.ConnectException: Connection refused (Connection refused)
	at java.net.PlainSocketImpl.socketConnect(Native Method)
	at java.net.AbstractPlainSocketImpl.doConnect(AbstractPlainSocketImpl.java:350)
	at java.net.AbstractPlainSocketImpl.connectToAddress(AbstractPlainSocketImpl.java:206)
	at java.net.AbstractPlainSocketImpl.connect(AbstractPlainSocketImpl.java:188)
	at java.net.SocksSocketImpl.connect(SocksSocketImpl.java:392)
	at java.net.Socket.connect(Socket.java:589)
	at org.apache.zookeeper.server.quorum.QuorumCnxManager.connectOne(QuorumCnxManager.java:381)
	at org.apache.zookeeper.server.quorum.QuorumCnxManager.connectAll(QuorumCnxManager.java:426)
	at org.apache.zookeeper.server.quorum.FastLeaderElection.lookForLeader(FastLeaderElection.java:843)
	at org.apache.zookeeper.server.quorum.QuorumPeer.run(QuorumPeer.java:822)
2019-02-24 08:16:32,588 [myid:1] - INFO  [QuorumPeer[myid=1]/0:0:0:0:0:0:0:0:2181:QuorumPeer$QuorumServer@149] - Resolved hostname: slaver2 to address: slaver2/192.168.33.134
2019-02-24 08:16:32,590 [myid:1] - WARN  [QuorumPeer[myid=1]/0:0:0:0:0:0:0:0:2181:QuorumCnxManager@400] - Cannot open channel to 4 at election address slaver3/192.168.33.135:3888
java.net.ConnectException: Connection refused (Connection refused)
	at java.net.PlainSocketImpl.socketConnect(Native Method)
	at java.net.AbstractPlainSocketImpl.doConnect(AbstractPlainSocketImpl.java:350)
	at java.net.AbstractPlainSocketImpl.connectToAddress(AbstractPlainSocketImpl.java:206)
	at java.net.AbstractPlainSocketImpl.connect(AbstractPlainSocketImpl.java:188)
	at java.net.SocksSocketImpl.connect(SocksSocketImpl.java:392)
	at java.net.Socket.connect(Socket.java:589)
	at org.apache.zookeeper.server.quorum.QuorumCnxManager.connectOne(QuorumCnxManager.java:381)
	at org.apache.zookeeper.server.quorum.QuorumCnxManager.connectAll(QuorumCnxManager.java:426)
	at org.apache.zookeeper.server.quorum.FastLeaderElection.lookForLeader(FastLeaderElection.java:843)
	at org.apache.zookeeper.server.quorum.QuorumPeer.run(QuorumPeer.java:822)
2019-02-24 08:16:32,590 [myid:1] - INFO  [QuorumPeer[myid=1]/0:0:0:0:0:0:0:0:2181:QuorumPeer$QuorumServer@149] - Resolved hostname: slaver3 to address: slaver3/192.168.33.135
2019-02-24 08:16:32,591 [myid:1] - INFO  [QuorumPeer[myid=1]/0:0:0:0:0:0:0:0:2181:FastLeaderElection@852] - Notification time out: 800
2019-02-24 08:16:33,393 [myid:1] - WARN  [QuorumPeer[myid=1]/0:0:0:0:0:0:0:0:2181:QuorumCnxManager@400] - Cannot open channel to 2 at election address slaver1/192.168.33.133:3888
java.net.ConnectException: Connection refused (Connection refused)
	at java.net.PlainSocketImpl.socketConnect(Native Method)
	at java.net.AbstractPlainSocketImpl.doConnect(AbstractPlainSocketImpl.java:350)
	at java.net.AbstractPlainSocketImpl.connectToAddress(AbstractPlainSocketImpl.java:206)
	at java.net.AbstractPlainSocketImpl.connect(AbstractPlainSocketImpl.java:188)
	at java.net.SocksSocketImpl.connect(SocksSocketImpl.java:392)
	at java.net.Socket.connect(Socket.java:589)
	at org.apache.zookeeper.server.quorum.QuorumCnxManager.connectOne(QuorumCnxManager.java:381)
	at org.apache.zookeeper.server.quorum.QuorumCnxManager.connectAll(QuorumCnxManager.java:426)
	at org.apache.zookeeper.server.quorum.FastLeaderElection.lookForLeader(FastLeaderElection.java:843)
	at org.apache.zookeeper.server.quorum.QuorumPeer.run(QuorumPeer.java:822)
2019-02-24 08:16:33,394 [myid:1] - INFO  [QuorumPeer[myid=1]/0:0:0:0:0:0:0:0:2181:QuorumPeer$QuorumServer@149] - Resolved hostname: slaver1 to address: slaver1/192.168.33.133
2019-02-24 08:16:33,397 [myid:1] - WARN  [QuorumPeer[myid=1]/0:0:0:0:0:0:0:0:2181:QuorumCnxManager@400] - Cannot open channel to 3 at election address slaver2/192.168.33.134:3888
java.net.ConnectException: Connection refused (Connection refused)
	at java.net.PlainSocketImpl.socketConnect(Native Method)
	at java.net.AbstractPlainSocketImpl.doConnect(AbstractPlainSocketImpl.java:350)
	at java.net.AbstractPlainSocketImpl.connectToAddress(AbstractPlainSocketImpl.java:206)
	at java.net.AbstractPlainSocketImpl.connect(AbstractPlainSocketImpl.java:188)
	at java.net.SocksSocketImpl.connect(SocksSocketImpl.java:392)
	at java.net.Socket.connect(Socket.java:589)
	at org.apache.zookeeper.server.quorum.QuorumCnxManager.connectOne(QuorumCnxManager.java:381)
	at org.apache.zookeeper.server.quorum.QuorumCnxManager.connectAll(QuorumCnxManager.java:426)
	at org.apache.zookeeper.server.quorum.FastLeaderElection.lookForLeader(FastLeaderElection.java:843)
	at org.apache.zookeeper.server.quorum.QuorumPeer.run(QuorumPeer.java:822)
2019-02-24 08:16:33,398 [myid:1] - INFO  [QuorumPeer[myid=1]/0:0:0:0:0:0:0:0:2181:QuorumPeer$QuorumServer@149] - Resolved hostname: slaver2 to address: slaver2/192.168.33.134
2019-02-24 08:16:33,409 [myid:1] - WARN  [QuorumPeer[myid=1]/0:0:0:0:0:0:0:0:2181:QuorumCnxManager@400] - Cannot open channel to 4 at election address slaver3/192.168.33.135:3888
java.net.ConnectException: Connection refused (Connection refused)
	at java.net.PlainSocketImpl.socketConnect(Native Method)
	at java.net.AbstractPlainSocketImpl.doConnect(AbstractPlainSocketImpl.java:350)
	at java.net.AbstractPlainSocketImpl.connectToAddress(AbstractPlainSocketImpl.java:206)
	at java.net.AbstractPlainSocketImpl.connect(AbstractPlainSocketImpl.java:188)
	at java.net.SocksSocketImpl.connect(SocksSocketImpl.java:392)
	at java.net.Socket.connect(Socket.java:589)
	at org.apache.zookeeper.server.quorum.QuorumCnxManager.connectOne(QuorumCnxManager.java:381)
	at org.apache.zookeeper.server.quorum.QuorumCnxManager.connectAll(QuorumCnxManager.java:426)
	at org.apache.zookeeper.server.quorum.FastLeaderElection.lookForLeader(FastLeaderElection.java:843)
	at org.apache.zookeeper.server.quorum.QuorumPeer.run(QuorumPeer.java:822)
2019-02-24 08:16:33,410 [myid:1] - INFO  [QuorumPeer[myid=1]/0:0:0:0:0:0:0:0:2181:QuorumPeer$QuorumServer@149] - Resolved hostname: slaver3 to address: slaver3/192.168.33.135
2019-02-24 08:16:33,410 [myid:1] - INFO  [QuorumPeer[myid=1]/0:0:0:0:0:0:0:0:2181:FastLeaderElection@852] - Notification time out: 1600
2019-02-24 08:16:35,014 [myid:1] - WARN  [QuorumPeer[myid=1]/0:0:0:0:0:0:0:0:2181:QuorumCnxManager@400] - Cannot open channel to 2 at election address slaver1/192.168.33.133:3888
java.net.ConnectException: Connection refused (Connection refused)
	at java.net.PlainSocketImpl.socketConnect(Native Method)
	at java.net.AbstractPlainSocketImpl.doConnect(AbstractPlainSocketImpl.java:350)
	at java.net.AbstractPlainSocketImpl.connectToAddress(AbstractPlainSocketImpl.java:206)
	at java.net.AbstractPlainSocketImpl.connect(AbstractPlainSocketImpl.java:188)
	at java.net.SocksSocketImpl.connect(SocksSocketImpl.java:392)
	at java.net.Socket.connect(Socket.java:589)
	at org.apache.zookeeper.server.quorum.QuorumCnxManager.connectOne(QuorumCnxManager.java:381)
	at org.apache.zookeeper.server.quorum.QuorumCnxManager.connectAll(QuorumCnxManager.java:426)
	at org.apache.zookeeper.server.quorum.FastLeaderElection.lookForLeader(FastLeaderElection.java:843)
	at org.apache.zookeeper.server.quorum.QuorumPeer.run(QuorumPeer.java:822)
2019-02-24 08:16:35,015 [myid:1] - INFO  [QuorumPeer[myid=1]/0:0:0:0:0:0:0:0:2181:QuorumPeer$QuorumServer@149] - Resolved hostname: slaver1 to address: slaver1/192.168.33.133
2019-02-24 08:16:35,017 [myid:1] - WARN  [QuorumPeer[myid=1]/0:0:0:0:0:0:0:0:2181:QuorumCnxManager@400] - Cannot open channel to 3 at election address slaver2/192.168.33.134:3888
java.net.ConnectException: Connection refused (Connection refused)
	at java.net.PlainSocketImpl.socketConnect(Native Method)
	at java.net.AbstractPlainSocketImpl.doConnect(AbstractPlainSocketImpl.java:350)
	at java.net.AbstractPlainSocketImpl.connectToAddress(AbstractPlainSocketImpl.java:206)
	at java.net.AbstractPlainSocketImpl.connect(AbstractPlainSocketImpl.java:188)
	at java.net.SocksSocketImpl.connect(SocksSocketImpl.java:392)
	at java.net.Socket.connect(Socket.java:589)
	at org.apache.zookeeper.server.quorum.QuorumCnxManager.connectOne(QuorumCnxManager.java:381)
	at org.apache.zookeeper.server.quorum.QuorumCnxManager.connectAll(QuorumCnxManager.java:426)
	at org.apache.zookeeper.server.quorum.FastLeaderElection.lookForLeader(FastLeaderElection.java:843)
	at org.apache.zookeeper.server.quorum.QuorumPeer.run(QuorumPeer.java:822)
2019-02-24 08:16:35,018 [myid:1] - INFO  [QuorumPeer[myid=1]/0:0:0:0:0:0:0:0:2181:QuorumPeer$QuorumServer@149] - Resolved hostname: slaver2 to address: slaver2/192.168.33.134
2019-02-24 08:16:35,020 [myid:1] - WARN  [QuorumPeer[myid=1]/0:0:0:0:0:0:0:0:2181:QuorumCnxManager@400] - Cannot open channel to 4 at election address slaver3/192.168.33.135:3888
java.net.ConnectException: Connection refused (Connection refused)
	at java.net.PlainSocketImpl.socketConnect(Native Method)
	at java.net.AbstractPlainSocketImpl.doConnect(AbstractPlainSocketImpl.java:350)
	at java.net.AbstractPlainSocketImpl.connectToAddress(AbstractPlainSocketImpl.java:206)
	at java.net.AbstractPlainSocketImpl.connect(AbstractPlainSocketImpl.java:188)
	at java.net.SocksSocketImpl.connect(SocksSocketImpl.java:392)
	at java.net.Socket.connect(Socket.java:589)
	at org.apache.zookeeper.server.quorum.QuorumCnxManager.connectOne(QuorumCnxManager.java:381)
	at org.apache.zookeeper.server.quorum.QuorumCnxManager.connectAll(QuorumCnxManager.java:426)
	at org.apache.zookeeper.server.quorum.FastLeaderElection.lookForLeader(FastLeaderElection.java:843)
	at org.apache.zookeeper.server.quorum.QuorumPeer.run(QuorumPeer.java:822)
2019-02-24 08:16:35,021 [myid:1] - INFO  [QuorumPeer[myid=1]/0:0:0:0:0:0:0:0:2181:QuorumPeer$QuorumServer@149] - Resolved hostname: slaver3 to address: slaver3/192.168.33.135
2019-02-24 08:16:35,021 [myid:1] - INFO  [QuorumPeer[myid=1]/0:0:0:0:0:0:0:0:2181:FastLeaderElection@852] - Notification time out: 3200
2019-02-24 08:16:38,224 [myid:1] - WARN  [QuorumPeer[myid=1]/0:0:0:0:0:0:0:0:2181:QuorumCnxManager@400] - Cannot open channel to 2 at election address slaver1/192.168.33.133:3888
java.net.ConnectException: Connection refused (Connection refused)
	at java.net.PlainSocketImpl.socketConnect(Native Method)
	at java.net.AbstractPlainSocketImpl.doConnect(AbstractPlainSocketImpl.java:350)
	at java.net.AbstractPlainSocketImpl.connectToAddress(AbstractPlainSocketImpl.java:206)
	at java.net.AbstractPlainSocketImpl.connect(AbstractPlainSocketImpl.java:188)
	at java.net.SocksSocketImpl.connect(SocksSocketImpl.java:392)
	at java.net.Socket.connect(Socket.java:589)
	at org.apache.zookeeper.server.quorum.QuorumCnxManager.connectOne(QuorumCnxManager.java:381)
	at org.apache.zookeeper.server.quorum.QuorumCnxManager.connectAll(QuorumCnxManager.java:426)
	at org.apache.zookeeper.server.quorum.FastLeaderElection.lookForLeader(FastLeaderElection.java:843)
	at org.apache.zookeeper.server.quorum.QuorumPeer.run(QuorumPeer.java:822)
2019-02-24 08:16:38,225 [myid:1] - INFO  [QuorumPeer[myid=1]/0:0:0:0:0:0:0:0:2181:QuorumPeer$QuorumServer@149] - Resolved hostname: slaver1 to address: slaver1/192.168.33.133
2019-02-24 08:16:38,227 [myid:1] - WARN  [QuorumPeer[myid=1]/0:0:0:0:0:0:0:0:2181:QuorumCnxManager@400] - Cannot open channel to 3 at election address slaver2/192.168.33.134:3888
java.net.ConnectException: Connection refused (Connection refused)
	at java.net.PlainSocketImpl.socketConnect(Native Method)
	at java.net.AbstractPlainSocketImpl.doConnect(AbstractPlainSocketImpl.java:350)
	at java.net.AbstractPlainSocketImpl.connectToAddress(AbstractPlainSocketImpl.java:206)
	at java.net.AbstractPlainSocketImpl.connect(AbstractPlainSocketImpl.java:188)
	at java.net.SocksSocketImpl.connect(SocksSocketImpl.java:392)
	at java.net.Socket.connect(Socket.java:589)
	at org.apache.zookeeper.server.quorum.QuorumCnxManager.connectOne(QuorumCnxManager.java:381)
	at org.apache.zookeeper.server.quorum.QuorumCnxManager.connectAll(QuorumCnxManager.java:426)
	at org.apache.zookeeper.server.quorum.FastLeaderElection.lookForLeader(FastLeaderElection.java:843)
	at org.apache.zookeeper.server.quorum.QuorumPeer.run(QuorumPeer.java:822)
2019-02-24 08:16:38,228 [myid:1] - INFO  [QuorumPeer[myid=1]/0:0:0:0:0:0:0:0:2181:QuorumPeer$QuorumServer@149] - Resolved hostname: slaver2 to address: slaver2/192.168.33.134
2019-02-24 08:16:38,230 [myid:1] - WARN  [QuorumPeer[myid=1]/0:0:0:0:0:0:0:0:2181:QuorumCnxManager@400] - Cannot open channel to 4 at election address slaver3/192.168.33.135:3888
java.net.ConnectException: Connection refused (Connection refused)
	at java.net.PlainSocketImpl.socketConnect(Native Method)
	at java.net.AbstractPlainSocketImpl.doConnect(AbstractPlainSocketImpl.java:350)
	at java.net.AbstractPlainSocketImpl.connectToAddress(AbstractPlainSocketImpl.java:206)
	at java.net.AbstractPlainSocketImpl.connect(AbstractPlainSocketImpl.java:188)
	at java.net.SocksSocketImpl.connect(SocksSocketImpl.java:392)
	at java.net.Socket.connect(Socket.java:589)
	at org.apache.zookeeper.server.quorum.QuorumCnxManager.connectOne(QuorumCnxManager.java:381)
	at org.apache.zookeeper.server.quorum.QuorumCnxManager.connectAll(QuorumCnxManager.java:426)
	at org.apache.zookeeper.server.quorum.FastLeaderElection.lookForLeader(FastLeaderElection.java:843)
	at org.apache.zookeeper.server.quorum.QuorumPeer.run(QuorumPeer.java:822)
2019-02-24 08:16:38,231 [myid:1] - INFO  [QuorumPeer[myid=1]/0:0:0:0:0:0:0:0:2181:QuorumPeer$QuorumServer@149] - Resolved hostname: slaver3 to address: slaver3/192.168.33.135
2019-02-24 08:16:38,231 [myid:1] - INFO  [QuorumPeer[myid=1]/0:0:0:0:0:0:0:0:2181:FastLeaderElection@852] - Notification time out: 6400
2019-02-24 08:16:44,633 [myid:1] - WARN  [QuorumPeer[myid=1]/0:0:0:0:0:0:0:0:2181:QuorumCnxManager@400] - Cannot open channel to 2 at election address slaver1/192.168.33.133:3888
java.net.ConnectException: Connection refused (Connection refused)
	at java.net.PlainSocketImpl.socketConnect(Native Method)
	at java.net.AbstractPlainSocketImpl.doConnect(AbstractPlainSocketImpl.java:350)
	at java.net.AbstractPlainSocketImpl.connectToAddress(AbstractPlainSocketImpl.java:206)
	at java.net.AbstractPlainSocketImpl.connect(AbstractPlainSocketImpl.java:188)
	at java.net.SocksSocketImpl.connect(SocksSocketImpl.java:392)
	at java.net.Socket.connect(Socket.java:589)
	at org.apache.zookeeper.server.quorum.QuorumCnxManager.connectOne(QuorumCnxManager.java:381)
	at org.apache.zookeeper.server.quorum.QuorumCnxManager.connectAll(QuorumCnxManager.java:426)
	at org.apache.zookeeper.server.quorum.FastLeaderElection.lookForLeader(FastLeaderElection.java:843)
	at org.apache.zookeeper.server.quorum.QuorumPeer.run(QuorumPeer.java:822)
2019-02-24 08:16:44,633 [myid:1] - INFO  [QuorumPeer[myid=1]/0:0:0:0:0:0:0:0:2181:QuorumPeer$QuorumServer@149] - Resolved hostname: slaver1 to address: slaver1/192.168.33.133
2019-02-24 08:16:44,634 [myid:1] - WARN  [QuorumPeer[myid=1]/0:0:0:0:0:0:0:0:2181:QuorumCnxManager@400] - Cannot open channel to 3 at election address slaver2/192.168.33.134:3888
java.net.ConnectException: Connection refused (Connection refused)
	at java.net.PlainSocketImpl.socketConnect(Native Method)
	at java.net.AbstractPlainSocketImpl.doConnect(AbstractPlainSocketImpl.java:350)
	at java.net.AbstractPlainSocketImpl.connectToAddress(AbstractPlainSocketImpl.java:206)
	at java.net.AbstractPlainSocketImpl.connect(AbstractPlainSocketImpl.java:188)
	at java.net.SocksSocketImpl.connect(SocksSocketImpl.java:392)
	at java.net.Socket.connect(Socket.java:589)
	at org.apache.zookeeper.server.quorum.QuorumCnxManager.connectOne(QuorumCnxManager.java:381)
	at org.apache.zookeeper.server.quorum.QuorumCnxManager.connectAll(QuorumCnxManager.java:426)
	at org.apache.zookeeper.server.quorum.FastLeaderElection.lookForLeader(FastLeaderElection.java:843)
	at org.apache.zookeeper.server.quorum.QuorumPeer.run(QuorumPeer.java:822)
2019-02-24 08:16:44,634 [myid:1] - INFO  [QuorumPeer[myid=1]/0:0:0:0:0:0:0:0:2181:QuorumPeer$QuorumServer@149] - Resolved hostname: slaver2 to address: slaver2/192.168.33.134
2019-02-24 08:16:44,635 [myid:1] - WARN  [QuorumPeer[myid=1]/0:0:0:0:0:0:0:0:2181:QuorumCnxManager@400] - Cannot open channel to 4 at election address slaver3/192.168.33.135:3888
java.net.ConnectException: Connection refused (Connection refused)
	at java.net.PlainSocketImpl.socketConnect(Native Method)
	at java.net.AbstractPlainSocketImpl.doConnect(AbstractPlainSocketImpl.java:350)
	at java.net.AbstractPlainSocketImpl.connectToAddress(AbstractPlainSocketImpl.java:206)
	at java.net.AbstractPlainSocketImpl.connect(AbstractPlainSocketImpl.java:188)
	at java.net.SocksSocketImpl.connect(SocksSocketImpl.java:392)
	at java.net.Socket.connect(Socket.java:589)
	at org.apache.zookeeper.server.quorum.QuorumCnxManager.connectOne(QuorumCnxManager.java:381)
	at org.apache.zookeeper.server.quorum.QuorumCnxManager.connectAll(QuorumCnxManager.java:426)
	at org.apache.zookeeper.server.quorum.FastLeaderElection.lookForLeader(FastLeaderElection.java:843)
	at org.apache.zookeeper.server.quorum.QuorumPeer.run(QuorumPeer.java:822)
2019-02-24 08:16:44,635 [myid:1] - INFO  [QuorumPeer[myid=1]/0:0:0:0:0:0:0:0:2181:QuorumPeer$QuorumServer@149] - Resolved hostname: slaver3 to address: slaver3/192.168.33.135
2019-02-24 08:16:44,635 [myid:1] - INFO  [QuorumPeer[myid=1]/0:0:0:0:0:0:0:0:2181:FastLeaderElection@852] - Notification time out: 12800
2019-02-24 08:16:47,845 [myid:1] - INFO  [master/192.168.33.132:3888:QuorumCnxManager$Listener@541] - Received connection request /192.168.33.135:60940
2019-02-24 08:16:47,849 [myid:1] - INFO  [WorkerReceiver[myid=1]:FastLeaderElection@600] - Notification: 1 (message format version), 4 (n.leader), 0x100000016 (n.zxid), 0x1 (n.round), LOOKING (n.state), 4 (n.sid), 0x1 (n.peerEpoch) LOOKING (my state)
2019-02-24 08:16:47,852 [myid:1] - INFO  [WorkerReceiver[myid=1]:FastLeaderElection@600] - Notification: 1 (message format version), 1 (n.leader), 0x10000001d (n.zxid), 0x1 (n.round), LOOKING (n.state), 4 (n.sid), 0x1 (n.peerEpoch) LOOKING (my state)
2019-02-24 08:16:48,058 [myid:1] - INFO  [WorkerReceiver[myid=1]:FastLeaderElection@600] - Notification: 1 (message format version), 1 (n.leader), 0x10000001d (n.zxid), 0x1 (n.round), LOOKING (n.state), 4 (n.sid), 0x1 (n.peerEpoch) LOOKING (my state)
2019-02-24 08:16:48,468 [myid:1] - INFO  [WorkerReceiver[myid=1]:FastLeaderElection@600] - Notification: 1 (message format version), 1 (n.leader), 0x10000001d (n.zxid), 0x1 (n.round), LOOKING (n.state), 4 (n.sid), 0x1 (n.peerEpoch) LOOKING (my state)
2019-02-24 08:16:49,277 [myid:1] - INFO  [WorkerReceiver[myid=1]:FastLeaderElection@600] - Notification: 1 (message format version), 1 (n.leader), 0x10000001d (n.zxid), 0x1 (n.round), LOOKING (n.state), 4 (n.sid), 0x1 (n.peerEpoch) LOOKING (my state)
2019-02-24 08:16:50,887 [myid:1] - INFO  [WorkerReceiver[myid=1]:FastLeaderElection@600] - Notification: 1 (message format version), 1 (n.leader), 0x10000001d (n.zxid), 0x1 (n.round), LOOKING (n.state), 4 (n.sid), 0x1 (n.peerEpoch) LOOKING (my state)
2019-02-24 08:16:54,097 [myid:1] - INFO  [WorkerReceiver[myid=1]:FastLeaderElection@600] - Notification: 1 (message format version), 1 (n.leader), 0x10000001d (n.zxid), 0x1 (n.round), LOOKING (n.state), 4 (n.sid), 0x1 (n.peerEpoch) LOOKING (my state)
2019-02-24 08:16:59,264 [myid:1] - INFO  [master/192.168.33.132:3888:QuorumCnxManager$Listener@541] - Received connection request /192.168.33.133:59126
2019-02-24 08:16:59,268 [myid:1] - INFO  [WorkerReceiver[myid=1]:FastLeaderElection@600] - Notification: 1 (message format version), 2 (n.leader), 0x10000001d (n.zxid), 0x1 (n.round), LOOKING (n.state), 2 (n.sid), 0x1 (n.peerEpoch) LOOKING (my state)
2019-02-24 08:16:59,268 [myid:1] - INFO  [WorkerReceiver[myid=1]:FastLeaderElection@600] - Notification: 1 (message format version), 2 (n.leader), 0x10000001d (n.zxid), 0x1 (n.round), LOOKING (n.state), 1 (n.sid), 0x1 (n.peerEpoch) LOOKING (my state)
2019-02-24 08:16:59,269 [myid:1] - WARN  [WorkerSender[myid=1]:QuorumCnxManager@400] - Cannot open channel to 3 at election address slaver2/192.168.33.134:3888
java.net.ConnectException: Connection refused (Connection refused)
	at java.net.PlainSocketImpl.socketConnect(Native Method)
	at java.net.AbstractPlainSocketImpl.doConnect(AbstractPlainSocketImpl.java:350)
	at java.net.AbstractPlainSocketImpl.connectToAddress(AbstractPlainSocketImpl.java:206)
	at java.net.AbstractPlainSocketImpl.connect(AbstractPlainSocketImpl.java:188)
	at java.net.SocksSocketImpl.connect(SocksSocketImpl.java:392)
	at java.net.Socket.connect(Socket.java:589)
	at org.apache.zookeeper.server.quorum.QuorumCnxManager.connectOne(QuorumCnxManager.java:381)
	at org.apache.zookeeper.server.quorum.QuorumCnxManager.toSend(QuorumCnxManager.java:354)
	at org.apache.zookeeper.server.quorum.FastLeaderElection$Messenger$WorkerSender.process(FastLeaderElection.java:452)
	at org.apache.zookeeper.server.quorum.FastLeaderElection$Messenger$WorkerSender.run(FastLeaderElection.java:433)
	at java.lang.Thread.run(Thread.java:748)
2019-02-24 08:16:59,270 [myid:1] - INFO  [WorkerSender[myid=1]:QuorumPeer$QuorumServer@149] - Resolved hostname: slaver2 to address: slaver2/192.168.33.134
2019-02-24 08:16:59,271 [myid:1] - INFO  [WorkerReceiver[myid=1]:FastLeaderElection@600] - Notification: 1 (message format version), 2 (n.leader), 0x10000001d (n.zxid), 0x1 (n.round), LOOKING (n.state), 4 (n.sid), 0x1 (n.peerEpoch) LOOKING (my state)
2019-02-24 08:16:59,473 [myid:1] - INFO  [QuorumPeer[myid=1]/0:0:0:0:0:0:0:0:2181:QuorumPeer@844] - FOLLOWING
2019-02-24 08:16:59,488 [myid:1] - INFO  [QuorumPeer[myid=1]/0:0:0:0:0:0:0:0:2181:Learner@86] - TCP NoDelay set to: true
2019-02-24 08:16:59,500 [myid:1] - INFO  [QuorumPeer[myid=1]/0:0:0:0:0:0:0:0:2181:Environment@100] - Server environment:zookeeper.version=3.4.9-1757313, built on 08/23/2016 06:50 GMT
2019-02-24 08:16:59,501 [myid:1] - INFO  [QuorumPeer[myid=1]/0:0:0:0:0:0:0:0:2181:Environment@100] - Server environment:host.name=master
2019-02-24 08:16:59,501 [myid:1] - INFO  [QuorumPeer[myid=1]/0:0:0:0:0:0:0:0:2181:Environment@100] - Server environment:java.version=1.8.0_144
2019-02-24 08:16:59,501 [myid:1] - INFO  [QuorumPeer[myid=1]/0:0:0:0:0:0:0:0:2181:Environment@100] - Server environment:java.vendor=Oracle Corporation
2019-02-24 08:16:59,501 [myid:1] - INFO  [QuorumPeer[myid=1]/0:0:0:0:0:0:0:0:2181:Environment@100] - Server environment:java.home=/usr/java/jdk1.8.0_144/jre
2019-02-24 08:16:59,501 [myid:1] - INFO  [QuorumPeer[myid=1]/0:0:0:0:0:0:0:0:2181:Environment@100] - Server environment:java.class.path=/opt/zookeeper/bin/../build/classes:/opt/zookeeper/bin/../build/lib/*.jar:/opt/zookeeper/bin/../lib/slf4j-log4j12-1.6.1.jar:/opt/zookeeper/bin/../lib/slf4j-api-1.6.1.jar:/opt/zookeeper/bin/../lib/netty-3.10.5.Final.jar:/opt/zookeeper/bin/../lib/log4j-1.2.16.jar:/opt/zookeeper/bin/../lib/jline-0.9.94.jar:/opt/zookeeper/bin/../zookeeper-3.4.9.jar:/opt/zookeeper/bin/../src/java/lib/*.jar:/opt/zookeeper/bin/../conf:.:/usr/java/java/lib/dt.jar:/usr/java/java/lib/tools.jar:/usr/java/java/jre/lib/
2019-02-24 08:16:59,501 [myid:1] - INFO  [QuorumPeer[myid=1]/0:0:0:0:0:0:0:0:2181:Environment@100] - Server environment:java.library.path=/usr/java/packages/lib/amd64:/usr/lib64:/lib64:/lib:/usr/lib
2019-02-24 08:16:59,501 [myid:1] - INFO  [QuorumPeer[myid=1]/0:0:0:0:0:0:0:0:2181:Environment@100] - Server environment:java.io.tmpdir=/tmp
2019-02-24 08:16:59,502 [myid:1] - INFO  [QuorumPeer[myid=1]/0:0:0:0:0:0:0:0:2181:Environment@100] - Server environment:java.compiler=<NA>
2019-02-24 08:16:59,502 [myid:1] - INFO  [QuorumPeer[myid=1]/0:0:0:0:0:0:0:0:2181:Environment@100] - Server environment:os.name=Linux
2019-02-24 08:16:59,502 [myid:1] - INFO  [QuorumPeer[myid=1]/0:0:0:0:0:0:0:0:2181:Environment@100] - Server environment:os.arch=amd64
2019-02-24 08:16:59,502 [myid:1] - INFO  [QuorumPeer[myid=1]/0:0:0:0:0:0:0:0:2181:Environment@100] - Server environment:os.version=3.10.0-957.el7.x86_64
2019-02-24 08:16:59,502 [myid:1] - INFO  [QuorumPeer[myid=1]/0:0:0:0:0:0:0:0:2181:Environment@100] - Server environment:user.name=root
2019-02-24 08:16:59,503 [myid:1] - INFO  [QuorumPeer[myid=1]/0:0:0:0:0:0:0:0:2181:Environment@100] - Server environment:user.home=/root
2019-02-24 08:16:59,503 [myid:1] - INFO  [QuorumPeer[myid=1]/0:0:0:0:0:0:0:0:2181:Environment@100] - Server environment:user.dir=/opt/hadoop-2.7.3
2019-02-24 08:16:59,506 [myid:1] - INFO  [QuorumPeer[myid=1]/0:0:0:0:0:0:0:0:2181:ZooKeeperServer@173] - Created server with tickTime 2000 minSessionTimeout 4000 maxSessionTimeout 40000 datadir /opt/zookeeper/version-2 snapdir /opt/zookeeper/version-2
2019-02-24 08:16:59,507 [myid:1] - INFO  [QuorumPeer[myid=1]/0:0:0:0:0:0:0:0:2181:Follower@61] - FOLLOWING - LEADER ELECTION TOOK - 27542
2019-02-24 08:16:59,510 [myid:1] - INFO  [QuorumPeer[myid=1]/0:0:0:0:0:0:0:0:2181:QuorumPeer$QuorumServer@149] - Resolved hostname: slaver1 to address: slaver1/192.168.33.133
2019-02-24 08:16:59,515 [myid:1] - WARN  [QuorumPeer[myid=1]/0:0:0:0:0:0:0:0:2181:Learner@236] - Unexpected exception, tries=0, connecting to slaver1/192.168.33.133:2888
java.net.ConnectException: Connection refused (Connection refused)
	at java.net.PlainSocketImpl.socketConnect(Native Method)
	at java.net.AbstractPlainSocketImpl.doConnect(AbstractPlainSocketImpl.java:350)
	at java.net.AbstractPlainSocketImpl.connectToAddress(AbstractPlainSocketImpl.java:206)
	at java.net.AbstractPlainSocketImpl.connect(AbstractPlainSocketImpl.java:188)
	at java.net.SocksSocketImpl.connect(SocksSocketImpl.java:392)
	at java.net.Socket.connect(Socket.java:589)
	at org.apache.zookeeper.server.quorum.Learner.connectToLeader(Learner.java:228)
	at org.apache.zookeeper.server.quorum.Follower.followLeader(Follower.java:69)
	at org.apache.zookeeper.server.quorum.QuorumPeer.run(QuorumPeer.java:846)
2019-02-24 08:17:00,561 [myid:1] - INFO  [QuorumPeer[myid=1]/0:0:0:0:0:0:0:0:2181:Learner@326] - Getting a diff from the leader 0x10000001d
2019-02-24 08:17:00,567 [myid:1] - INFO  [QuorumPeer[myid=1]/0:0:0:0:0:0:0:0:2181:FileTxnSnapLog@240] - Snapshotting: 0x10000001d to /opt/zookeeper/version-2/snapshot.10000001d
2019-02-24 08:17:01,185 [myid:1] - INFO  [master/192.168.33.132:3888:QuorumCnxManager$Listener@541] - Received connection request /192.168.33.134:51190
2019-02-24 08:17:01,188 [myid:1] - INFO  [WorkerReceiver[myid=1]:FastLeaderElection@600] - Notification: 1 (message format version), 3 (n.leader), 0x10000001d (n.zxid), 0x1 (n.round), LOOKING (n.state), 3 (n.sid), 0x1 (n.peerEpoch) FOLLOWING (my state)
2019-02-24 08:17:01,404 [myid:1] - INFO  [WorkerReceiver[myid=1]:FastLeaderElection@600] - Notification: 1 (message format version), 3 (n.leader), 0x10000001d (n.zxid), 0x1 (n.round), LOOKING (n.state), 3 (n.sid), 0x1 (n.peerEpoch) FOLLOWING (my state)
2019-02-24 08:17:01,823 [myid:1] - INFO  [WorkerReceiver[myid=1]:FastLeaderElection@600] - Notification: 1 (message format version), 3 (n.leader), 0x10000001d (n.zxid), 0x1 (n.round), LOOKING (n.state), 3 (n.sid), 0x1 (n.peerEpoch) FOLLOWING (my state)
2019-02-24 08:17:02,630 [myid:1] - INFO  [WorkerReceiver[myid=1]:FastLeaderElection@600] - Notification: 1 (message format version), 3 (n.leader), 0x10000001d (n.zxid), 0x1 (n.round), LOOKING (n.state), 3 (n.sid), 0x1 (n.peerEpoch) FOLLOWING (my state)
2019-02-24 08:17:04,237 [myid:1] - INFO  [WorkerReceiver[myid=1]:FastLeaderElection@600] - Notification: 1 (message format version), 3 (n.leader), 0x10000001d (n.zxid), 0x1 (n.round), LOOKING (n.state), 3 (n.sid), 0x1 (n.peerEpoch) FOLLOWING (my state)
2019-02-24 08:17:07,447 [myid:1] - INFO  [WorkerReceiver[myid=1]:FastLeaderElection@600] - Notification: 1 (message format version), 3 (n.leader), 0x10000001d (n.zxid), 0x1 (n.round), LOOKING (n.state), 3 (n.sid), 0x1 (n.peerEpoch) FOLLOWING (my state)
2019-02-24 08:17:13,873 [myid:1] - INFO  [WorkerReceiver[myid=1]:FastLeaderElection@600] - Notification: 1 (message format version), 3 (n.leader), 0x10000001d (n.zxid), 0x1 (n.round), LOOKING (n.state), 3 (n.sid), 0x1 (n.peerEpoch) FOLLOWING (my state)
2019-02-24 08:17:28,905 [myid:1] - INFO  [WorkerReceiver[myid=1]:FastLeaderElection@600] - Notification: 1 (message format version), 3 (n.leader), 0x10000001d (n.zxid), 0x1 (n.round), LOOKING (n.state), 3 (n.sid), 0x1 (n.peerEpoch) FOLLOWING (my state)
2019-02-24 08:17:54,516 [myid:1] - INFO  [WorkerReceiver[myid=1]:FastLeaderElection@600] - Notification: 1 (message format version), 3 (n.leader), 0x10000001d (n.zxid), 0x1 (n.round), LOOKING (n.state), 3 (n.sid), 0x1 (n.peerEpoch) FOLLOWING (my state)
2019-02-24 08:18:09,116 [myid:1] - WARN  [QuorumPeer[myid=1]/0:0:0:0:0:0:0:0:2181:Follower@116] - Got zxid 0x200000001 expected 0x1
2019-02-24 08:18:09,118 [myid:1] - INFO  [SyncThread:1:FileTxnLog@203] - Creating new log file: log.200000001
2019-02-24 08:18:45,725 [myid:1] - INFO  [WorkerReceiver[myid=1]:FastLeaderElection@600] - Notification: 1 (message format version), 3 (n.leader), 0x10000001d (n.zxid), 0x1 (n.round), LOOKING (n.state), 3 (n.sid), 0x1 (n.peerEpoch) FOLLOWING (my state)
2019-02-24 08:19:45,730 [myid:1] - INFO  [WorkerReceiver[myid=1]:FastLeaderElection@600] - Notification: 1 (message format version), 3 (n.leader), 0x10000001d (n.zxid), 0x1 (n.round), LOOKING (n.state), 3 (n.sid), 0x1 (n.peerEpoch) FOLLOWING (my state)
2019-02-24 08:20:45,738 [myid:1] - INFO  [WorkerReceiver[myid=1]:FastLeaderElection@600] - Notification: 1 (message format version), 3 (n.leader), 0x10000001d (n.zxid), 0x1 (n.round), LOOKING (n.state), 3 (n.sid), 0x1 (n.peerEpoch) FOLLOWING (my state)
2019-02-24 08:21:45,743 [myid:1] - INFO  [WorkerReceiver[myid=1]:FastLeaderElection@600] - Notification: 1 (message format version), 3 (n.leader), 0x10000001d (n.zxid), 0x1 (n.round), LOOKING (n.state), 3 (n.sid), 0x1 (n.peerEpoch) FOLLOWING (my state)
2019-02-24 08:22:45,748 [myid:1] - INFO  [WorkerReceiver[myid=1]:FastLeaderElection@600] - Notification: 1 (message format version), 3 (n.leader), 0x10000001d (n.zxid), 0x1 (n.round), LOOKING (n.state), 3 (n.sid), 0x1 (n.peerEpoch) FOLLOWING (my state)
2019-02-24 08:23:45,757 [myid:1] - INFO  [WorkerReceiver[myid=1]:FastLeaderElection@600] - Notification: 1 (message format version), 3 (n.leader), 0x10000001d (n.zxid), 0x1 (n.round), LOOKING (n.state), 3 (n.sid), 0x1 (n.peerEpoch) FOLLOWING (my state)
2019-02-24 08:24:45,767 [myid:1] - INFO  [WorkerReceiver[myid=1]:FastLeaderElection@600] - Notification: 1 (message format version), 3 (n.leader), 0x10000001d (n.zxid), 0x1 (n.round), LOOKING (n.state), 3 (n.sid), 0x1 (n.peerEpoch) FOLLOWING (my state)
2019-02-24 08:25:45,777 [myid:1] - INFO  [WorkerReceiver[myid=1]:FastLeaderElection@600] - Notification: 1 (message format version), 3 (n.leader), 0x10000001d (n.zxid), 0x1 (n.round), LOOKING (n.state), 3 (n.sid), 0x1 (n.peerEpoch) FOLLOWING (my state)
2019-02-24 08:26:45,791 [myid:1] - INFO  [WorkerReceiver[myid=1]:FastLeaderElection@600] - Notification: 1 (message format version), 3 (n.leader), 0x10000001d (n.zxid), 0x1 (n.round), LOOKING (n.state), 3 (n.sid), 0x1 (n.peerEpoch) FOLLOWING (my state)
2019-02-24 08:27:45,800 [myid:1] - INFO  [WorkerReceiver[myid=1]:FastLeaderElection@600] - Notification: 1 (message format version), 3 (n.leader), 0x10000001d (n.zxid), 0x1 (n.round), LOOKING (n.state), 3 (n.sid), 0x1 (n.peerEpoch) FOLLOWING (my state)
2019-02-24 08:28:45,810 [myid:1] - INFO  [WorkerReceiver[myid=1]:FastLeaderElection@600] - Notification: 1 (message format version), 3 (n.leader), 0x10000001d (n.zxid), 0x1 (n.round), LOOKING (n.state), 3 (n.sid), 0x1 (n.peerEpoch) FOLLOWING (my state)
2019-02-24 08:29:45,818 [myid:1] - INFO  [WorkerReceiver[myid=1]:FastLeaderElection@600] - Notification: 1 (message format version), 3 (n.leader), 0x10000001d (n.zxid), 0x1 (n.round), LOOKING (n.state), 3 (n.sid), 0x1 (n.peerEpoch) FOLLOWING (my state)
2019-02-24 08:30:45,824 [myid:1] - INFO  [WorkerReceiver[myid=1]:FastLeaderElection@600] - Notification: 1 (message format version), 3 (n.leader), 0x10000001d (n.zxid), 0x1 (n.round), LOOKING (n.state), 3 (n.sid), 0x1 (n.peerEpoch) FOLLOWING (my state)
2019-02-24 08:31:45,841 [myid:1] - INFO  [WorkerReceiver[myid=1]:FastLeaderElection@600] - Notification: 1 (message format version), 3 (n.leader), 0x10000001d (n.zxid), 0x1 (n.round), LOOKING (n.state), 3 (n.sid), 0x1 (n.peerEpoch) FOLLOWING (my state)
2019-02-24 08:32:45,856 [myid:1] - INFO  [WorkerReceiver[myid=1]:FastLeaderElection@600] - Notification: 1 (message format version), 3 (n.leader), 0x10000001d (n.zxid), 0x1 (n.round), LOOKING (n.state), 3 (n.sid), 0x1 (n.peerEpoch) FOLLOWING (my state)
2019-02-24 08:33:45,862 [myid:1] - INFO  [WorkerReceiver[myid=1]:FastLeaderElection@600] - Notification: 1 (message format version), 3 (n.leader), 0x10000001d (n.zxid), 0x1 (n.round), LOOKING (n.state), 3 (n.sid), 0x1 (n.peerEpoch) FOLLOWING (my state)
2019-02-24 08:34:45,869 [myid:1] - INFO  [WorkerReceiver[myid=1]:FastLeaderElection@600] - Notification: 1 (message format version), 3 (n.leader), 0x10000001d (n.zxid), 0x1 (n.round), LOOKING (n.state), 3 (n.sid), 0x1 (n.peerEpoch) FOLLOWING (my state)
2019-02-24 08:35:45,881 [myid:1] - INFO  [WorkerReceiver[myid=1]:FastLeaderElection@600] - Notification: 1 (message format version), 3 (n.leader), 0x10000001d (n.zxid), 0x1 (n.round), LOOKING (n.state), 3 (n.sid), 0x1 (n.peerEpoch) FOLLOWING (my state)
2019-02-24 08:36:45,915 [myid:1] - INFO  [WorkerReceiver[myid=1]:FastLeaderElection@600] - Notification: 1 (message format version), 3 (n.leader), 0x10000001d (n.zxid), 0x1 (n.round), LOOKING (n.state), 3 (n.sid), 0x1 (n.peerEpoch) FOLLOWING (my state)
2019-02-24 08:37:45,924 [myid:1] - INFO  [WorkerReceiver[myid=1]:FastLeaderElection@600] - Notification: 1 (message format version), 3 (n.leader), 0x10000001d (n.zxid), 0x1 (n.round), LOOKING (n.state), 3 (n.sid), 0x1 (n.peerEpoch) FOLLOWING (my state)
2019-02-24 08:38:45,933 [myid:1] - INFO  [WorkerReceiver[myid=1]:FastLeaderElection@600] - Notification: 1 (message format version), 3 (n.leader), 0x10000001d (n.zxid), 0x1 (n.round), LOOKING (n.state), 3 (n.sid), 0x1 (n.peerEpoch) FOLLOWING (my state)
2019-02-24 08:39:45,944 [myid:1] - INFO  [WorkerReceiver[myid=1]:FastLeaderElection@600] - Notification: 1 (message format version), 3 (n.leader), 0x10000001d (n.zxid), 0x1 (n.round), LOOKING (n.state), 3 (n.sid), 0x1 (n.peerEpoch) FOLLOWING (my state)
2019-02-24 08:40:45,951 [myid:1] - INFO  [WorkerReceiver[myid=1]:FastLeaderElection@600] - Notification: 1 (message format version), 3 (n.leader), 0x10000001d (n.zxid), 0x1 (n.round), LOOKING (n.state), 3 (n.sid), 0x1 (n.peerEpoch) FOLLOWING (my state)
2019-02-24 08:41:45,962 [myid:1] - INFO  [WorkerReceiver[myid=1]:FastLeaderElection@600] - Notification: 1 (message format version), 3 (n.leader), 0x10000001d (n.zxid), 0x1 (n.round), LOOKING (n.state), 3 (n.sid), 0x1 (n.peerEpoch) FOLLOWING (my state)
2019-02-24 08:42:45,968 [myid:1] - INFO  [WorkerReceiver[myid=1]:FastLeaderElection@600] - Notification: 1 (message format version), 3 (n.leader), 0x10000001d (n.zxid), 0x1 (n.round), LOOKING (n.state), 3 (n.sid), 0x1 (n.peerEpoch) FOLLOWING (my state)
2019-02-24 08:43:45,978 [myid:1] - INFO  [WorkerReceiver[myid=1]:FastLeaderElection@600] - Notification: 1 (message format version), 3 (n.leader), 0x10000001d (n.zxid), 0x1 (n.round), LOOKING (n.state), 3 (n.sid), 0x1 (n.peerEpoch) FOLLOWING (my state)
2019-02-24 08:44:45,985 [myid:1] - INFO  [WorkerReceiver[myid=1]:FastLeaderElection@600] - Notification: 1 (message format version), 3 (n.leader), 0x10000001d (n.zxid), 0x1 (n.round), LOOKING (n.state), 3 (n.sid), 0x1 (n.peerEpoch) FOLLOWING (my state)
2019-02-24 08:45:45,996 [myid:1] - INFO  [WorkerReceiver[myid=1]:FastLeaderElection@600] - Notification: 1 (message format version), 3 (n.leader), 0x10000001d (n.zxid), 0x1 (n.round), LOOKING (n.state), 3 (n.sid), 0x1 (n.peerEpoch) FOLLOWING (my state)
2019-02-24 08:46:46,006 [myid:1] - INFO  [WorkerReceiver[myid=1]:FastLeaderElection@600] - Notification: 1 (message format version), 3 (n.leader), 0x10000001d (n.zxid), 0x1 (n.round), LOOKING (n.state), 3 (n.sid), 0x1 (n.peerEpoch) FOLLOWING (my state)
2019-02-24 08:47:46,014 [myid:1] - INFO  [WorkerReceiver[myid=1]:FastLeaderElection@600] - Notification: 1 (message format version), 3 (n.leader), 0x10000001d (n.zxid), 0x1 (n.round), LOOKING (n.state), 3 (n.sid), 0x1 (n.peerEpoch) FOLLOWING (my state)
2019-02-24 08:48:46,023 [myid:1] - INFO  [WorkerReceiver[myid=1]:FastLeaderElection@600] - Notification: 1 (message format version), 3 (n.leader), 0x10000001d (n.zxid), 0x1 (n.round), LOOKING (n.state), 3 (n.sid), 0x1 (n.peerEpoch) FOLLOWING (my state)
2019-02-24 08:49:46,030 [myid:1] - INFO  [WorkerReceiver[myid=1]:FastLeaderElection@600] - Notification: 1 (message format version), 3 (n.leader), 0x10000001d (n.zxid), 0x1 (n.round), LOOKING (n.state), 3 (n.sid), 0x1 (n.peerEpoch) FOLLOWING (my state)
2019-02-24 08:50:46,043 [myid:1] - INFO  [WorkerReceiver[myid=1]:FastLeaderElection@600] - Notification: 1 (message format version), 3 (n.leader), 0x10000001d (n.zxid), 0x1 (n.round), LOOKING (n.state), 3 (n.sid), 0x1 (n.peerEpoch) FOLLOWING (my state)
2019-02-24 08:51:46,053 [myid:1] - INFO  [WorkerReceiver[myid=1]:FastLeaderElection@600] - Notification: 1 (message format version), 3 (n.leader), 0x10000001d (n.zxid), 0x1 (n.round), LOOKING (n.state), 3 (n.sid), 0x1 (n.peerEpoch) FOLLOWING (my state)
2019-02-24 08:52:46,062 [myid:1] - INFO  [WorkerReceiver[myid=1]:FastLeaderElection@600] - Notification: 1 (message format version), 3 (n.leader), 0x10000001d (n.zxid), 0x1 (n.round), LOOKING (n.state), 3 (n.sid), 0x1 (n.peerEpoch) FOLLOWING (my state)
2019-02-24 08:53:46,069 [myid:1] - INFO  [WorkerReceiver[myid=1]:FastLeaderElection@600] - Notification: 1 (message format version), 3 (n.leader), 0x10000001d (n.zxid), 0x1 (n.round), LOOKING (n.state), 3 (n.sid), 0x1 (n.peerEpoch) FOLLOWING (my state)
2019-02-24 08:54:46,074 [myid:1] - INFO  [WorkerReceiver[myid=1]:FastLeaderElection@600] - Notification: 1 (message format version), 3 (n.leader), 0x10000001d (n.zxid), 0x1 (n.round), LOOKING (n.state), 3 (n.sid), 0x1 (n.peerEpoch) FOLLOWING (my state)
2019-02-24 08:55:46,086 [myid:1] - INFO  [WorkerReceiver[myid=1]:FastLeaderElection@600] - Notification: 1 (message format version), 3 (n.leader), 0x10000001d (n.zxid), 0x1 (n.round), LOOKING (n.state), 3 (n.sid), 0x1 (n.peerEpoch) FOLLOWING (my state)
2019-02-24 08:56:46,097 [myid:1] - INFO  [WorkerReceiver[myid=1]:FastLeaderElection@600] - Notification: 1 (message format version), 3 (n.leader), 0x10000001d (n.zxid), 0x1 (n.round), LOOKING (n.state), 3 (n.sid), 0x1 (n.peerEpoch) FOLLOWING (my state)
2019-02-24 08:57:46,107 [myid:1] - INFO  [WorkerReceiver[myid=1]:FastLeaderElection@600] - Notification: 1 (message format version), 3 (n.leader), 0x10000001d (n.zxid), 0x1 (n.round), LOOKING (n.state), 3 (n.sid), 0x1 (n.peerEpoch) FOLLOWING (my state)
2019-02-24 08:58:46,117 [myid:1] - INFO  [WorkerReceiver[myid=1]:FastLeaderElection@600] - Notification: 1 (message format version), 3 (n.leader), 0x10000001d (n.zxid), 0x1 (n.round), LOOKING (n.state), 3 (n.sid), 0x1 (n.peerEpoch) FOLLOWING (my state)
2019-02-24 08:59:46,129 [myid:1] - INFO  [WorkerReceiver[myid=1]:FastLeaderElection@600] - Notification: 1 (message format version), 3 (n.leader), 0x10000001d (n.zxid), 0x1 (n.round), LOOKING (n.state), 3 (n.sid), 0x1 (n.peerEpoch) FOLLOWING (my state)
2019-02-24 09:00:46,139 [myid:1] - INFO  [WorkerReceiver[myid=1]:FastLeaderElection@600] - Notification: 1 (message format version), 3 (n.leader), 0x10000001d (n.zxid), 0x1 (n.round), LOOKING (n.state), 3 (n.sid), 0x1 (n.peerEpoch) FOLLOWING (my state)
2019-02-24 09:01:46,149 [myid:1] - INFO  [WorkerReceiver[myid=1]:FastLeaderElection@600] - Notification: 1 (message format version), 3 (n.leader), 0x10000001d (n.zxid), 0x1 (n.round), LOOKING (n.state), 3 (n.sid), 0x1 (n.peerEpoch) FOLLOWING (my state)
2019-02-24 09:02:46,157 [myid:1] - INFO  [WorkerReceiver[myid=1]:FastLeaderElection@600] - Notification: 1 (message format version), 3 (n.leader), 0x10000001d (n.zxid), 0x1 (n.round), LOOKING (n.state), 3 (n.sid), 0x1 (n.peerEpoch) FOLLOWING (my state)
2019-02-24 09:03:46,166 [myid:1] - INFO  [WorkerReceiver[myid=1]:FastLeaderElection@600] - Notification: 1 (message format version), 3 (n.leader), 0x10000001d (n.zxid), 0x1 (n.round), LOOKING (n.state), 3 (n.sid), 0x1 (n.peerEpoch) FOLLOWING (my state)
2019-02-24 09:04:46,178 [myid:1] - INFO  [WorkerReceiver[myid=1]:FastLeaderElection@600] - Notification: 1 (message format version), 3 (n.leader), 0x10000001d (n.zxid), 0x1 (n.round), LOOKING (n.state), 3 (n.sid), 0x1 (n.peerEpoch) FOLLOWING (my state)
2019-02-24 09:05:46,186 [myid:1] - INFO  [WorkerReceiver[myid=1]:FastLeaderElection@600] - Notification: 1 (message format version), 3 (n.leader), 0x10000001d (n.zxid), 0x1 (n.round), LOOKING (n.state), 3 (n.sid), 0x1 (n.peerEpoch) FOLLOWING (my state)
2019-02-24 09:06:46,198 [myid:1] - INFO  [WorkerReceiver[myid=1]:FastLeaderElection@600] - Notification: 1 (message format version), 3 (n.leader), 0x10000001d (n.zxid), 0x1 (n.round), LOOKING (n.state), 3 (n.sid), 0x1 (n.peerEpoch) FOLLOWING (my state)
2019-02-24 09:07:44,888 [myid:1] - INFO  [NIOServerCxn.Factory:0.0.0.0/0.0.0.0:2181:NIOServerCnxnFactory@192] - Accepted socket connection from /192.168.33.133:45928
2019-02-24 09:07:44,911 [myid:1] - INFO  [NIOServerCxn.Factory:0.0.0.0/0.0.0.0:2181:ZooKeeperServer@928] - Client attempting to establish new session at /192.168.33.133:45928
2019-02-24 09:07:44,923 [myid:1] - INFO  [CommitProcessor:1:ZooKeeperServer@673] - Established session 0x1691fa6d3160000 with negotiated timeout 4000 for client /192.168.33.133:45928
2019-02-24 09:07:44,942 [myid:1] - INFO  [NIOServerCxn.Factory:0.0.0.0/0.0.0.0:2181:NIOServerCnxn@1008] - Closed socket connection for client /192.168.33.133:45928 which had sessionid 0x1691fa6d3160000
2019-02-24 09:07:46,210 [myid:1] - INFO  [WorkerReceiver[myid=1]:FastLeaderElection@600] - Notification: 1 (message format version), 3 (n.leader), 0x10000001d (n.zxid), 0x1 (n.round), LOOKING (n.state), 3 (n.sid), 0x1 (n.peerEpoch) FOLLOWING (my state)
